<?xml version="1.0" encoding="UTF-8"?>
<!-- Generated by org.testng.reporters.JUnitXMLReporter -->
<testsuite ignored="0" hostname="DESKTOP-OMV2D25" failures="23" tests="628" name="Default test" time="12557.453" errors="0" timestamp="2024-05-06T18:54:37 IST">
  <testcase classname="testLayer.ProductDetailsTest" name="checkProductDetails" time="9.39"/>
  <testcase classname="testLayer.ProductDetailsTest" name="checkProductDetails" time="11.349"/>
  <testcase classname="testLayer.ProductDetailsTest" name="checkProductDetails" time="9.277"/>
  <testcase classname="testLayer.ProductDetailsTest" name="checkProductDetails" time="9.284"/>
  <testcase classname="testLayer.ProductDetailsTest" name="checkProductDetails" time="9.965"/>
  <testcase classname="testLayer.ProductDetailsTest" name="checkProductDetails" time="9.554"/>
  <testcase classname="testLayer.ProductDetailsTest" name="checkProductDetails" time="10.505"/>
  <testcase classname="testLayer.ProductDetailsTest" name="checkProductDetails" time="8.491"/>
  <testcase classname="testLayer.ProductDetailsTest" name="checkProductDetails" time="8.336"/>
  <testcase classname="testLayer.ProductDetailsTest" name="checkProductDetails" time="9.817"/>
  <testcase classname="testLayer.ProductDetailsTest" name="checkProductDetails" time="15.26"/>
  <testcase classname="testLayer.ProductDetailsTest" name="checkProductDetails" time="10.484"/>
  <testcase classname="testLayer.ProductDetailsTest" name="checkProductDetails" time="11.13"/>
  <testcase classname="testLayer.ProductDetailsTest" name="checkProductDetails" time="9.625"/>
  <testcase classname="testLayer.ProductDetailsTest" name="checkProductDetails" time="10.462"/>
  <testcase classname="testLayer.ProductDetailsTest" name="checkProductDetails" time="8.946"/>
  <testcase classname="testLayer.ProductDetailsTest" name="checkProductDetails" time="11.083"/>
  <testcase classname="testLayer.ProductDetailsTest" name="checkProductDetails" time="9.386"/>
  <testcase classname="testLayer.ProductDetailsTest" name="checkProductDetails" time="8.89"/>
  <testcase classname="testLayer.ProductDetailsTest" name="checkProductDetails" time="10.471"/>
  <testcase classname="testLayer.ProductDetailsTest" name="checkProductDetails" time="9.097"/>
  <testcase classname="testLayer.ProductDetailsTest" name="checkProductDetails" time="10.147"/>
  <testcase classname="testLayer.ProductDetailsTest" name="checkProductDetails" time="8.847"/>
  <testcase classname="testLayer.ProductDetailsTest" name="checkProductDetails" time="7.217"/>
  <testcase classname="testLayer.ProductDetailsTest" name="checkProductDetails" time="9.525"/>
  <testcase classname="testLayer.ProductDetailsTest" name="checkProductDetails" time="12.167"/>
  <testcase classname="testLayer.ProductDetailsTest" name="checkProductDetails" time="10.46"/>
  <testcase classname="testLayer.ProductDetailsTest" name="checkProductDetails" time="9.624"/>
  <testcase classname="testLayer.ProductDetailsTest" name="checkProductDetails" time="8.884"/>
  <testcase classname="testLayer.ProductDetailsTest" name="checkProductDetails" time="9.902"/>
  <testcase classname="testLayer.ProductDetailsTest" name="checkProductDetails" time="10.637"/>
  <testcase classname="testLayer.ProductDetailsTest" name="checkProductDetails" time="12.432"/>
  <testcase classname="testLayer.ProductDetailsTest" name="checkProductDetails" time="11.427"/>
  <testcase classname="testLayer.ProductDetailsTest" name="checkProductDetails" time="8.161"/>
  <testcase classname="testLayer.ProductDetailsTest" name="checkProductDetails" time="9.217"/>
  <testcase classname="testLayer.ProductDetailsTest" name="checkProductDetails" time="9.309"/>
  <testcase classname="testLayer.ProductDetailsTest" name="checkProductDetails" time="10.076"/>
  <testcase classname="testLayer.ProductDetailsTest" name="checkProductDetails" time="10.134"/>
  <testcase classname="testLayer.ProductDetailsTest" name="checkProductDetails" time="8.428"/>
  <testcase classname="testLayer.ProductDetailsTest" name="checkProductDetails" time="8.786"/>
  <testcase classname="testLayer.ProductDetailsTest" name="checkProductDetails" time="8.193"/>
  <testcase classname="testLayer.ProductDetailsTest" name="checkProductDetails" time="9.128"/>
  <testcase classname="testLayer.ProductDetailsTest" name="checkProductDetails" time="9.022"/>
  <testcase classname="testLayer.ProductDetailsTest" name="checkProductDetails" time="9.329"/>
  <testcase classname="testLayer.ProductDetailsTest" name="checkProductDetails" time="8.15"/>
  <testcase classname="testLayer.ProductDetailsTest" name="checkProductDetails" time="27.173"/>
  <testcase classname="testLayer.ProductDetailsTest" name="checkProductDetails" time="10.695"/>
  <testcase classname="testLayer.ProductDetailsTest" name="checkProductDetails" time="9.891"/>
  <testcase classname="testLayer.ProductDetailsTest" name="checkProductDetails" time="9.708"/>
  <testcase classname="testLayer.ProductDetailsTest" name="checkProductDetails" time="10.277"/>
  <testcase classname="testLayer.ProductDetailsTest" name="checkProductDetails" time="10.9"/>
  <testcase classname="testLayer.ProductDetailsTest" name="checkProductDetails" time="8.914"/>
  <testcase classname="testLayer.ProductDetailsTest" name="checkProductDetails" time="7.709"/>
  <testcase classname="testLayer.ProductDetailsTest" name="checkProductDetails" time="8.457"/>
  <testcase classname="testLayer.ProductDetailsTest" name="checkProductDetails" time="7.831"/>
  <testcase classname="testLayer.ProductDetailsTest" name="checkProductDetails" time="7.982"/>
  <testcase classname="testLayer.ProductDetailsTest" name="checkProductDetails" time="8.917"/>
  <testcase classname="testLayer.ProductDetailsTest" name="checkProductDetails" time="12.127"/>
  <testcase classname="testLayer.ProductDetailsTest" name="checkProductDetails" time="10.5"/>
  <testcase classname="testLayer.ProductDetailsTest" name="checkProductDetails" time="8.846"/>
  <testcase classname="testLayer.ProductDetailsTest" name="checkProductDetails" time="10.463"/>
  <testcase classname="testLayer.ProductDetailsTest" name="checkProductDetails" time="10.243"/>
  <testcase classname="testLayer.ProductDetailsTest" name="checkProductDetails" time="10.752"/>
  <testcase classname="testLayer.ProductDetailsTest" name="checkProductDetails" time="12.506"/>
  <testcase classname="testLayer.ProductDetailsTest" name="checkProductDetails" time="9.601"/>
  <testcase classname="testLayer.ProductDetailsTest" name="checkProductDetails" time="10.346"/>
  <testcase classname="testLayer.ProductDetailsTest" name="checkProductDetails" time="9.524"/>
  <testcase classname="testLayer.ProductDetailsTest" name="checkProductDetails" time="10.263"/>
  <testcase classname="testLayer.ProductDetailsTest" name="checkProductDetails" time="9.933"/>
  <testcase classname="testLayer.ProductDetailsTest" name="checkProductDetails" time="9.501"/>
  <testcase classname="testLayer.ProductDetailsTest" name="checkProductDetails" time="10.939"/>
  <testcase classname="testLayer.ProductDetailsTest" name="checkProductDetails" time="12.477"/>
  <testcase classname="testLayer.ProductDetailsTest" name="checkProductDetails" time="12.408"/>
  <testcase classname="testLayer.ProductDetailsTest" name="checkProductDetails" time="9.735"/>
  <testcase classname="testLayer.ProductDetailsTest" name="checkProductDetails" time="11.442"/>
  <testcase classname="testLayer.ProductDetailsTest" name="checkProductDetails" time="9.02"/>
  <testcase classname="testLayer.ProductDetailsTest" name="checkProductDetails" time="10.633"/>
  <testcase classname="testLayer.ProductDetailsTest" name="checkProductDetails" time="10.504"/>
  <testcase classname="testLayer.ProductDetailsTest" name="checkProductDetails" time="34.737"/>
  <testcase classname="testLayer.ProductDetailsTest" name="checkProductDetails" time="9.984"/>
  <testcase classname="testLayer.ProductDetailsTest" name="checkProductDetails" time="12.041"/>
  <testcase classname="testLayer.ProductDetailsTest" name="checkProductDetails" time="10.312"/>
  <testcase classname="testLayer.ProductDetailsTest" name="checkProductDetails" time="8.146"/>
  <testcase classname="testLayer.ProductDetailsTest" name="checkProductDetails" time="9.727"/>
  <testcase classname="testLayer.ProductDetailsTest" name="checkProductDetails" time="7.987"/>
  <testcase classname="testLayer.ProductDetailsTest" name="checkProductDetails" time="11.002"/>
  <testcase classname="testLayer.ProductDetailsTest" name="checkProductDetails" time="7.969"/>
  <testcase classname="testLayer.ProductDetailsTest" name="checkProductDetails" time="10.897"/>
  <testcase classname="testLayer.ProductDetailsTest" name="checkProductDetails" time="9.616"/>
  <testcase classname="testLayer.ProductDetailsTest" name="checkProductDetails" time="9.528"/>
  <testcase classname="testLayer.ProductDetailsTest" name="checkProductDetails" time="11.171"/>
  <testcase classname="testLayer.ProductDetailsTest" name="checkProductDetails" time="10.95"/>
  <testcase classname="testLayer.ProductDetailsTest" name="checkProductDetails" time="10.872"/>
  <testcase classname="testLayer.ProductDetailsTest" name="checkProductDetails" time="9.273"/>
  <testcase classname="testLayer.ProductDetailsTest" name="checkProductDetails" time="8.512"/>
  <testcase classname="testLayer.ProductDetailsTest" name="checkProductDetails" time="10.536"/>
  <testcase classname="testLayer.ProductDetailsTest" name="checkProductDetails" time="9.22"/>
  <testcase classname="testLayer.ProductDetailsTest" name="checkProductDetails" time="10.018"/>
  <testcase classname="testLayer.ProductDetailsTest" name="checkProductDetails" time="8.67"/>
  <testcase classname="testLayer.ProductDetailsTest" name="checkProductDetails" time="8.282"/>
  <testcase classname="testLayer.ProductDetailsTest" name="checkProductDetails" time="9.529"/>
  <testcase classname="testLayer.ProductDetailsTest" name="checkProductDetails" time="7.775"/>
  <testcase classname="testLayer.ProductDetailsTest" name="checkProductDetails" time="20.341"/>
  <testcase classname="testLayer.ProductDetailsTest" name="checkProductDetails" time="20.88"/>
  <testcase classname="testLayer.ProductDetailsTest" name="checkProductDetails" time="8.602"/>
  <testcase classname="testLayer.ProductDetailsTest" name="checkProductDetails" time="11.471"/>
  <testcase classname="testLayer.ProductDetailsTest" name="checkProductDetails" time="8.935"/>
  <testcase classname="testLayer.ProductDetailsTest" name="checkProductDetails" time="15.247"/>
  <testcase classname="testLayer.ProductDetailsTest" name="checkProductDetails" time="9.732"/>
  <testcase classname="testLayer.ProductDetailsTest" name="checkProductDetails" time="8.678"/>
  <testcase classname="testLayer.ProductDetailsTest" name="checkProductDetails" time="14.806"/>
  <testcase classname="testLayer.ProductDetailsTest" name="checkProductDetails" time="7.992"/>
  <testcase classname="testLayer.ProductDetailsTest" name="checkProductDetails" time="9.537"/>
  <testcase classname="testLayer.ProductDetailsTest" name="checkProductDetails" time="9.868"/>
  <testcase classname="testLayer.ProductDetailsTest" name="checkProductDetails" time="8.679"/>
  <testcase classname="testLayer.ProductDetailsTest" name="checkProductDetails" time="11.486"/>
  <testcase classname="testLayer.ProductDetailsTest" name="checkProductDetails" time="9.885"/>
  <testcase classname="testLayer.ProductDetailsTest" name="checkProductDetails" time="8.375"/>
  <testcase classname="testLayer.ProductDetailsTest" name="checkProductDetails" time="8.428"/>
  <testcase classname="testLayer.ProductDetailsTest" name="checkProductDetails" time="8.375"/>
  <testcase classname="testLayer.ProductDetailsTest" name="checkProductDetails" time="10.617"/>
  <testcase classname="testLayer.ProductDetailsTest" name="checkProductDetails" time="11.219"/>
  <testcase classname="testLayer.ProductDetailsTest" name="checkProductDetails" time="11.671"/>
  <testcase classname="testLayer.ProductDetailsTest" name="checkProductDetails" time="11.053"/>
  <testcase classname="testLayer.ProductDetailsTest" name="checkProductDetails" time="9.342"/>
  <testcase classname="testLayer.ProductDetailsTest" name="checkProductDetails" time="12.046"/>
  <testcase classname="testLayer.ProductDetailsTest" name="checkProductDetails" time="14.502"/>
  <testcase classname="testLayer.ProductDetailsTest" name="checkProductDetails" time="13.934"/>
  <testcase classname="testLayer.ProductDetailsTest" name="checkProductDetails" time="23.562">
    <failure type="org.openqa.selenium.NoSuchElementException" message="no such element: Unable to locate element: {&amp;quot;method&amp;quot;:&amp;quot;css selector&amp;quot;,&amp;quot;selector&amp;quot;:&amp;quot;.mst-searchautocomplete__wrapper li&amp;quot;}
  (Session info: chrome-headless-shell=124.0.6367.119)
For documentation on this error, please visit: https://www.selenium.dev/documentation/webdriver/troubleshooting/errors#no-such-element-exception
Build info: version: &amp;apos;4.19.1&amp;apos;, revision: &amp;apos;abe0ee07dc&amp;apos;
System info: os.name: &amp;apos;Windows 10&amp;apos;, os.arch: &amp;apos;amd64&amp;apos;, os.version: &amp;apos;10.0&amp;apos;, java.version: &amp;apos;17.0.7&amp;apos;
Driver info: org.openqa.selenium.chrome.ChromeDriver
Command: [2e96c82287391132f6e5a45cf6984ade, findElement {value=.mst-searchautocomplete__wrapper li, using=css selector}]
Capabilities {acceptInsecureCerts: false, browserName: chrome-headless-shell, browserVersion: 124.0.6367.119, chrome: {chromedriverVersion: 124.0.6367.91 (51df0e5e17a8..., userDataDir: C:\Users\Admin\AppData\Loca...}, fedcm:accounts: true, goog:chromeOptions: {debuggerAddress: localhost:57523}, networkConnectionEnabled: false, pageLoadStrategy: normal, platformName: windows, proxy: Proxy(), se:cdp: ws://localhost:57523/devtoo..., se:cdpVersion: 124.0.6367.119, setWindowRect: true, strictFileInteractability: false, timeouts: {implicit: 0, pageLoad: 300000, script: 30000}, unhandledPromptBehavior: dismiss and notify, webauthn:extension:credBlob: true, webauthn:extension:largeBlob: true, webauthn:extension:minPinLength: true, webauthn:extension:prf: true, webauthn:virtualAuthenticators: true}
Session ID: 2e96c82287391132f6e5a45cf6984ade">
      <![CDATA[org.openqa.selenium.NoSuchElementException: no such element: Unable to locate element: {"method":"css selector","selector":".mst-searchautocomplete__wrapper li"}
  (Session info: chrome-headless-shell=124.0.6367.119)
For documentation on this error, please visit: https://www.selenium.dev/documentation/webdriver/troubleshooting/errors#no-such-element-exception
Build info: version: '4.19.1', revision: 'abe0ee07dc'
System info: os.name: 'Windows 10', os.arch: 'amd64', os.version: '10.0', java.version: '17.0.7'
Driver info: org.openqa.selenium.chrome.ChromeDriver
Command: [2e96c82287391132f6e5a45cf6984ade, findElement {value=.mst-searchautocomplete__wrapper li, using=css selector}]
Capabilities {acceptInsecureCerts: false, browserName: chrome-headless-shell, browserVersion: 124.0.6367.119, chrome: {chromedriverVersion: 124.0.6367.91 (51df0e5e17a8..., userDataDir: C:\Users\Admin\AppData\Loca...}, fedcm:accounts: true, goog:chromeOptions: {debuggerAddress: localhost:57523}, networkConnectionEnabled: false, pageLoadStrategy: normal, platformName: windows, proxy: Proxy(), se:cdp: ws://localhost:57523/devtoo..., se:cdpVersion: 124.0.6367.119, setWindowRect: true, strictFileInteractability: false, timeouts: {implicit: 0, pageLoad: 300000, script: 30000}, unhandledPromptBehavior: dismiss and notify, webauthn:extension:credBlob: true, webauthn:extension:largeBlob: true, webauthn:extension:minPinLength: true, webauthn:extension:prf: true, webauthn:virtualAuthenticators: true}
Session ID: 2e96c82287391132f6e5a45cf6984ade
at java.base/jdk.internal.reflect.NativeConstructorAccessorImpl.newInstance0(Native Method)
at java.base/jdk.internal.reflect.NativeConstructorAccessorImpl.newInstance(NativeConstructorAccessorImpl.java:77)
at java.base/jdk.internal.reflect.DelegatingConstructorAccessorImpl.newInstance(DelegatingConstructorAccessorImpl.java:45)
at java.base/java.lang.reflect.Constructor.newInstanceWithCaller(Constructor.java:499)
at java.base/java.lang.reflect.Constructor.newInstance(Constructor.java:480)
at org.openqa.selenium.remote.ErrorCodec.decode(ErrorCodec.java:167)
at org.openqa.selenium.remote.codec.w3c.W3CHttpResponseCodec.decode(W3CHttpResponseCodec.java:138)
at org.openqa.selenium.remote.codec.w3c.W3CHttpResponseCodec.decode(W3CHttpResponseCodec.java:50)
at org.openqa.selenium.remote.HttpCommandExecutor.execute(HttpCommandExecutor.java:190)
at org.openqa.selenium.remote.service.DriverCommandExecutor.invokeExecute(DriverCommandExecutor.java:216)
at org.openqa.selenium.remote.service.DriverCommandExecutor.execute(DriverCommandExecutor.java:174)
at org.openqa.selenium.remote.RemoteWebDriver.execute(RemoteWebDriver.java:518)
at org.openqa.selenium.remote.ElementLocation$ElementFinder$2.findElement(ElementLocation.java:165)
at org.openqa.selenium.remote.ElementLocation.findElement(ElementLocation.java:59)
at org.openqa.selenium.remote.RemoteWebDriver.findElement(RemoteWebDriver.java:355)
at org.openqa.selenium.remote.RemoteWebDriver.findElement(RemoteWebDriver.java:349)
at org.openqa.selenium.support.pagefactory.DefaultElementLocator.findElement(DefaultElementLocator.java:68)
at org.openqa.selenium.support.pagefactory.internal.LocatingElementHandler.invoke(LocatingElementHandler.java:38)
at jdk.proxy2/jdk.proxy2.$Proxy16.click(Unknown Source)
at pageLayer.SearchAProduct.Search_box(SearchAProduct.java:89)
at testLayer.ProductDetailsTest.checkProductDetails(ProductDetailsTest.java:28)
at jdk.internal.reflect.GeneratedMethodAccessor9.invoke(Unknown Source)
at java.base/jdk.internal.reflect.DelegatingMethodAccessorImpl.invoke(DelegatingMethodAccessorImpl.java:43)
at java.base/java.lang.reflect.Method.invoke(Method.java:568)
at org.testng.internal.invokers.MethodInvocationHelper.invokeMethod(MethodInvocationHelper.java:139)
at org.testng.internal.invokers.TestInvoker.invokeMethod(TestInvoker.java:664)
at org.testng.internal.invokers.TestInvoker.invokeTestMethod(TestInvoker.java:227)
at org.testng.internal.invokers.MethodRunner.runInSequence(MethodRunner.java:50)
at org.testng.internal.invokers.TestInvoker$MethodInvocationAgent.invoke(TestInvoker.java:957)
at org.testng.internal.invokers.TestInvoker.invokeTestMethods(TestInvoker.java:200)
at org.testng.internal.invokers.TestMethodWorker.invokeTestMethods(TestMethodWorker.java:148)
at org.testng.internal.invokers.TestMethodWorker.run(TestMethodWorker.java:128)
at java.base/java.util.ArrayList.forEach(ArrayList.java:1511)
at org.testng.TestRunner.privateRun(TestRunner.java:848)
at org.testng.TestRunner.run(TestRunner.java:621)
at org.testng.SuiteRunner.runTest(SuiteRunner.java:443)
at org.testng.SuiteRunner.runSequentially(SuiteRunner.java:437)
at org.testng.SuiteRunner.privateRun(SuiteRunner.java:397)
at org.testng.SuiteRunner.run(SuiteRunner.java:336)
at org.testng.SuiteRunnerWorker.runSuite(SuiteRunnerWorker.java:52)
at org.testng.SuiteRunnerWorker.run(SuiteRunnerWorker.java:95)
at org.testng.TestNG.runSuitesSequentially(TestNG.java:1280)
at org.testng.TestNG.runSuitesLocally(TestNG.java:1200)
at org.testng.TestNG.runSuites(TestNG.java:1114)
at org.testng.TestNG.run(TestNG.java:1082)
at org.testng.remote.AbstractRemoteTestNG.run(AbstractRemoteTestNG.java:115)
at org.testng.remote.RemoteTestNG.initAndRun(RemoteTestNG.java:251)
at org.testng.remote.RemoteTestNG.main(RemoteTestNG.java:77)
]]>
    </failure>
  </testcase> <!-- checkProductDetails -->
  <testcase classname="testLayer.ProductDetailsTest" name="checkProductDetails" time="9.5"/>
  <testcase classname="testLayer.ProductDetailsTest" name="checkProductDetails" time="8.684"/>
  <testcase classname="testLayer.ProductDetailsTest" name="checkProductDetails" time="23.618">
    <failure type="org.openqa.selenium.NoSuchElementException" message="no such element: Unable to locate element: {&amp;quot;method&amp;quot;:&amp;quot;css selector&amp;quot;,&amp;quot;selector&amp;quot;:&amp;quot;.mst-searchautocomplete__wrapper li&amp;quot;}
  (Session info: chrome-headless-shell=124.0.6367.119)
For documentation on this error, please visit: https://www.selenium.dev/documentation/webdriver/troubleshooting/errors#no-such-element-exception
Build info: version: &amp;apos;4.19.1&amp;apos;, revision: &amp;apos;abe0ee07dc&amp;apos;
System info: os.name: &amp;apos;Windows 10&amp;apos;, os.arch: &amp;apos;amd64&amp;apos;, os.version: &amp;apos;10.0&amp;apos;, java.version: &amp;apos;17.0.7&amp;apos;
Driver info: org.openqa.selenium.chrome.ChromeDriver
Command: [0884050018300b5976cef40a6a80c4fb, findElement {value=.mst-searchautocomplete__wrapper li, using=css selector}]
Capabilities {acceptInsecureCerts: false, browserName: chrome-headless-shell, browserVersion: 124.0.6367.119, chrome: {chromedriverVersion: 124.0.6367.91 (51df0e5e17a8..., userDataDir: C:\Users\Admin\AppData\Loca...}, fedcm:accounts: true, goog:chromeOptions: {debuggerAddress: localhost:57610}, networkConnectionEnabled: false, pageLoadStrategy: normal, platformName: windows, proxy: Proxy(), se:cdp: ws://localhost:57610/devtoo..., se:cdpVersion: 124.0.6367.119, setWindowRect: true, strictFileInteractability: false, timeouts: {implicit: 0, pageLoad: 300000, script: 30000}, unhandledPromptBehavior: dismiss and notify, webauthn:extension:credBlob: true, webauthn:extension:largeBlob: true, webauthn:extension:minPinLength: true, webauthn:extension:prf: true, webauthn:virtualAuthenticators: true}
Session ID: 0884050018300b5976cef40a6a80c4fb">
      <![CDATA[org.openqa.selenium.NoSuchElementException: no such element: Unable to locate element: {"method":"css selector","selector":".mst-searchautocomplete__wrapper li"}
  (Session info: chrome-headless-shell=124.0.6367.119)
For documentation on this error, please visit: https://www.selenium.dev/documentation/webdriver/troubleshooting/errors#no-such-element-exception
Build info: version: '4.19.1', revision: 'abe0ee07dc'
System info: os.name: 'Windows 10', os.arch: 'amd64', os.version: '10.0', java.version: '17.0.7'
Driver info: org.openqa.selenium.chrome.ChromeDriver
Command: [0884050018300b5976cef40a6a80c4fb, findElement {value=.mst-searchautocomplete__wrapper li, using=css selector}]
Capabilities {acceptInsecureCerts: false, browserName: chrome-headless-shell, browserVersion: 124.0.6367.119, chrome: {chromedriverVersion: 124.0.6367.91 (51df0e5e17a8..., userDataDir: C:\Users\Admin\AppData\Loca...}, fedcm:accounts: true, goog:chromeOptions: {debuggerAddress: localhost:57610}, networkConnectionEnabled: false, pageLoadStrategy: normal, platformName: windows, proxy: Proxy(), se:cdp: ws://localhost:57610/devtoo..., se:cdpVersion: 124.0.6367.119, setWindowRect: true, strictFileInteractability: false, timeouts: {implicit: 0, pageLoad: 300000, script: 30000}, unhandledPromptBehavior: dismiss and notify, webauthn:extension:credBlob: true, webauthn:extension:largeBlob: true, webauthn:extension:minPinLength: true, webauthn:extension:prf: true, webauthn:virtualAuthenticators: true}
Session ID: 0884050018300b5976cef40a6a80c4fb
at java.base/jdk.internal.reflect.NativeConstructorAccessorImpl.newInstance0(Native Method)
at java.base/jdk.internal.reflect.NativeConstructorAccessorImpl.newInstance(NativeConstructorAccessorImpl.java:77)
at java.base/jdk.internal.reflect.DelegatingConstructorAccessorImpl.newInstance(DelegatingConstructorAccessorImpl.java:45)
at java.base/java.lang.reflect.Constructor.newInstanceWithCaller(Constructor.java:499)
at java.base/java.lang.reflect.Constructor.newInstance(Constructor.java:480)
at org.openqa.selenium.remote.ErrorCodec.decode(ErrorCodec.java:167)
at org.openqa.selenium.remote.codec.w3c.W3CHttpResponseCodec.decode(W3CHttpResponseCodec.java:138)
at org.openqa.selenium.remote.codec.w3c.W3CHttpResponseCodec.decode(W3CHttpResponseCodec.java:50)
at org.openqa.selenium.remote.HttpCommandExecutor.execute(HttpCommandExecutor.java:190)
at org.openqa.selenium.remote.service.DriverCommandExecutor.invokeExecute(DriverCommandExecutor.java:216)
at org.openqa.selenium.remote.service.DriverCommandExecutor.execute(DriverCommandExecutor.java:174)
at org.openqa.selenium.remote.RemoteWebDriver.execute(RemoteWebDriver.java:518)
at org.openqa.selenium.remote.ElementLocation$ElementFinder$2.findElement(ElementLocation.java:165)
at org.openqa.selenium.remote.ElementLocation.findElement(ElementLocation.java:59)
at org.openqa.selenium.remote.RemoteWebDriver.findElement(RemoteWebDriver.java:355)
at org.openqa.selenium.remote.RemoteWebDriver.findElement(RemoteWebDriver.java:349)
at org.openqa.selenium.support.pagefactory.DefaultElementLocator.findElement(DefaultElementLocator.java:68)
at org.openqa.selenium.support.pagefactory.internal.LocatingElementHandler.invoke(LocatingElementHandler.java:38)
at jdk.proxy2/jdk.proxy2.$Proxy16.click(Unknown Source)
at pageLayer.SearchAProduct.Search_box(SearchAProduct.java:89)
at testLayer.ProductDetailsTest.checkProductDetails(ProductDetailsTest.java:28)
at jdk.internal.reflect.GeneratedMethodAccessor9.invoke(Unknown Source)
at java.base/jdk.internal.reflect.DelegatingMethodAccessorImpl.invoke(DelegatingMethodAccessorImpl.java:43)
at java.base/java.lang.reflect.Method.invoke(Method.java:568)
at org.testng.internal.invokers.MethodInvocationHelper.invokeMethod(MethodInvocationHelper.java:139)
at org.testng.internal.invokers.TestInvoker.invokeMethod(TestInvoker.java:664)
at org.testng.internal.invokers.TestInvoker.invokeTestMethod(TestInvoker.java:227)
at org.testng.internal.invokers.MethodRunner.runInSequence(MethodRunner.java:50)
at org.testng.internal.invokers.TestInvoker$MethodInvocationAgent.invoke(TestInvoker.java:957)
at org.testng.internal.invokers.TestInvoker.invokeTestMethods(TestInvoker.java:200)
at org.testng.internal.invokers.TestMethodWorker.invokeTestMethods(TestMethodWorker.java:148)
at org.testng.internal.invokers.TestMethodWorker.run(TestMethodWorker.java:128)
at java.base/java.util.ArrayList.forEach(ArrayList.java:1511)
at org.testng.TestRunner.privateRun(TestRunner.java:848)
at org.testng.TestRunner.run(TestRunner.java:621)
at org.testng.SuiteRunner.runTest(SuiteRunner.java:443)
at org.testng.SuiteRunner.runSequentially(SuiteRunner.java:437)
at org.testng.SuiteRunner.privateRun(SuiteRunner.java:397)
at org.testng.SuiteRunner.run(SuiteRunner.java:336)
at org.testng.SuiteRunnerWorker.runSuite(SuiteRunnerWorker.java:52)
at org.testng.SuiteRunnerWorker.run(SuiteRunnerWorker.java:95)
at org.testng.TestNG.runSuitesSequentially(TestNG.java:1280)
at org.testng.TestNG.runSuitesLocally(TestNG.java:1200)
at org.testng.TestNG.runSuites(TestNG.java:1114)
at org.testng.TestNG.run(TestNG.java:1082)
at org.testng.remote.AbstractRemoteTestNG.run(AbstractRemoteTestNG.java:115)
at org.testng.remote.RemoteTestNG.initAndRun(RemoteTestNG.java:251)
at org.testng.remote.RemoteTestNG.main(RemoteTestNG.java:77)
]]>
    </failure>
  </testcase> <!-- checkProductDetails -->
  <testcase classname="testLayer.ProductDetailsTest" name="checkProductDetails" time="7.635"/>
  <testcase classname="testLayer.ProductDetailsTest" name="checkProductDetails" time="10.857"/>
  <testcase classname="testLayer.ProductDetailsTest" name="checkProductDetails" time="8.859"/>
  <testcase classname="testLayer.ProductDetailsTest" name="checkProductDetails" time="11.137"/>
  <testcase classname="testLayer.ProductDetailsTest" name="checkProductDetails" time="9.681"/>
  <testcase classname="testLayer.ProductDetailsTest" name="checkProductDetails" time="8.878"/>
  <testcase classname="testLayer.ProductDetailsTest" name="checkProductDetails" time="10.703"/>
  <testcase classname="testLayer.ProductDetailsTest" name="checkProductDetails" time="10.943"/>
  <testcase classname="testLayer.ProductDetailsTest" name="checkProductDetails" time="8.827"/>
  <testcase classname="testLayer.ProductDetailsTest" name="checkProductDetails" time="9.156"/>
  <testcase classname="testLayer.ProductDetailsTest" name="checkProductDetails" time="10.972"/>
  <testcase classname="testLayer.ProductDetailsTest" name="checkProductDetails" time="11.478"/>
  <testcase classname="testLayer.ProductDetailsTest" name="checkProductDetails" time="8.694"/>
  <testcase classname="testLayer.ProductDetailsTest" name="checkProductDetails" time="8.658"/>
  <testcase classname="testLayer.ProductDetailsTest" name="checkProductDetails" time="9.708"/>
  <testcase classname="testLayer.ProductDetailsTest" name="checkProductDetails" time="10.454"/>
  <testcase classname="testLayer.ProductDetailsTest" name="checkProductDetails" time="9.534"/>
  <testcase classname="testLayer.ProductDetailsTest" name="checkProductDetails" time="8.708"/>
  <testcase classname="testLayer.ProductDetailsTest" name="checkProductDetails" time="9.933"/>
  <testcase classname="testLayer.ProductDetailsTest" name="checkProductDetails" time="10.18"/>
  <testcase classname="testLayer.ProductDetailsTest" name="checkProductDetails" time="9.662"/>
  <testcase classname="testLayer.ProductDetailsTest" name="checkProductDetails" time="16.449"/>
  <testcase classname="testLayer.ProductDetailsTest" name="checkProductDetails" time="8.262"/>
  <testcase classname="testLayer.ProductDetailsTest" name="checkProductDetails" time="10.811"/>
  <testcase classname="testLayer.ProductDetailsTest" name="checkProductDetails" time="10.073"/>
  <testcase classname="testLayer.ProductDetailsTest" name="checkProductDetails" time="10.339"/>
  <testcase classname="testLayer.ProductDetailsTest" name="checkProductDetails" time="8.909"/>
  <testcase classname="testLayer.ProductDetailsTest" name="checkProductDetails" time="8.801"/>
  <testcase classname="testLayer.ProductDetailsTest" name="checkProductDetails" time="9.081"/>
  <testcase classname="testLayer.ProductDetailsTest" name="checkProductDetails" time="12.099"/>
  <testcase classname="testLayer.ProductDetailsTest" name="checkProductDetails" time="9.928"/>
  <testcase classname="testLayer.ProductDetailsTest" name="checkProductDetails" time="9.783"/>
  <testcase classname="testLayer.ProductDetailsTest" name="checkProductDetails" time="10.273"/>
  <testcase classname="testLayer.ProductDetailsTest" name="checkProductDetails" time="9.423"/>
  <testcase classname="testLayer.ProductDetailsTest" name="checkProductDetails" time="10.723"/>
  <testcase classname="testLayer.ProductDetailsTest" name="checkProductDetails" time="10.847"/>
  <testcase classname="testLayer.ProductDetailsTest" name="checkProductDetails" time="9.626"/>
  <testcase classname="testLayer.ProductDetailsTest" name="checkProductDetails" time="9.584"/>
  <testcase classname="testLayer.ProductDetailsTest" name="checkProductDetails" time="23.637">
    <failure type="org.openqa.selenium.NoSuchElementException" message="no such element: Unable to locate element: {&amp;quot;method&amp;quot;:&amp;quot;css selector&amp;quot;,&amp;quot;selector&amp;quot;:&amp;quot;.mst-searchautocomplete__wrapper li&amp;quot;}
  (Session info: chrome-headless-shell=124.0.6367.119)
For documentation on this error, please visit: https://www.selenium.dev/documentation/webdriver/troubleshooting/errors#no-such-element-exception
Build info: version: &amp;apos;4.19.1&amp;apos;, revision: &amp;apos;abe0ee07dc&amp;apos;
System info: os.name: &amp;apos;Windows 10&amp;apos;, os.arch: &amp;apos;amd64&amp;apos;, os.version: &amp;apos;10.0&amp;apos;, java.version: &amp;apos;17.0.7&amp;apos;
Driver info: org.openqa.selenium.chrome.ChromeDriver
Command: [8a8419c5c20b1f9dd51c477a8831c4a3, findElement {value=.mst-searchautocomplete__wrapper li, using=css selector}]
Capabilities {acceptInsecureCerts: false, browserName: chrome-headless-shell, browserVersion: 124.0.6367.119, chrome: {chromedriverVersion: 124.0.6367.91 (51df0e5e17a8..., userDataDir: C:\Users\Admin\AppData\Loca...}, fedcm:accounts: true, goog:chromeOptions: {debuggerAddress: localhost:59115}, networkConnectionEnabled: false, pageLoadStrategy: normal, platformName: windows, proxy: Proxy(), se:cdp: ws://localhost:59115/devtoo..., se:cdpVersion: 124.0.6367.119, setWindowRect: true, strictFileInteractability: false, timeouts: {implicit: 0, pageLoad: 300000, script: 30000}, unhandledPromptBehavior: dismiss and notify, webauthn:extension:credBlob: true, webauthn:extension:largeBlob: true, webauthn:extension:minPinLength: true, webauthn:extension:prf: true, webauthn:virtualAuthenticators: true}
Session ID: 8a8419c5c20b1f9dd51c477a8831c4a3">
      <![CDATA[org.openqa.selenium.NoSuchElementException: no such element: Unable to locate element: {"method":"css selector","selector":".mst-searchautocomplete__wrapper li"}
  (Session info: chrome-headless-shell=124.0.6367.119)
For documentation on this error, please visit: https://www.selenium.dev/documentation/webdriver/troubleshooting/errors#no-such-element-exception
Build info: version: '4.19.1', revision: 'abe0ee07dc'
System info: os.name: 'Windows 10', os.arch: 'amd64', os.version: '10.0', java.version: '17.0.7'
Driver info: org.openqa.selenium.chrome.ChromeDriver
Command: [8a8419c5c20b1f9dd51c477a8831c4a3, findElement {value=.mst-searchautocomplete__wrapper li, using=css selector}]
Capabilities {acceptInsecureCerts: false, browserName: chrome-headless-shell, browserVersion: 124.0.6367.119, chrome: {chromedriverVersion: 124.0.6367.91 (51df0e5e17a8..., userDataDir: C:\Users\Admin\AppData\Loca...}, fedcm:accounts: true, goog:chromeOptions: {debuggerAddress: localhost:59115}, networkConnectionEnabled: false, pageLoadStrategy: normal, platformName: windows, proxy: Proxy(), se:cdp: ws://localhost:59115/devtoo..., se:cdpVersion: 124.0.6367.119, setWindowRect: true, strictFileInteractability: false, timeouts: {implicit: 0, pageLoad: 300000, script: 30000}, unhandledPromptBehavior: dismiss and notify, webauthn:extension:credBlob: true, webauthn:extension:largeBlob: true, webauthn:extension:minPinLength: true, webauthn:extension:prf: true, webauthn:virtualAuthenticators: true}
Session ID: 8a8419c5c20b1f9dd51c477a8831c4a3
at java.base/jdk.internal.reflect.NativeConstructorAccessorImpl.newInstance0(Native Method)
at java.base/jdk.internal.reflect.NativeConstructorAccessorImpl.newInstance(NativeConstructorAccessorImpl.java:77)
at java.base/jdk.internal.reflect.DelegatingConstructorAccessorImpl.newInstance(DelegatingConstructorAccessorImpl.java:45)
at java.base/java.lang.reflect.Constructor.newInstanceWithCaller(Constructor.java:499)
at java.base/java.lang.reflect.Constructor.newInstance(Constructor.java:480)
at org.openqa.selenium.remote.ErrorCodec.decode(ErrorCodec.java:167)
at org.openqa.selenium.remote.codec.w3c.W3CHttpResponseCodec.decode(W3CHttpResponseCodec.java:138)
at org.openqa.selenium.remote.codec.w3c.W3CHttpResponseCodec.decode(W3CHttpResponseCodec.java:50)
at org.openqa.selenium.remote.HttpCommandExecutor.execute(HttpCommandExecutor.java:190)
at org.openqa.selenium.remote.service.DriverCommandExecutor.invokeExecute(DriverCommandExecutor.java:216)
at org.openqa.selenium.remote.service.DriverCommandExecutor.execute(DriverCommandExecutor.java:174)
at org.openqa.selenium.remote.RemoteWebDriver.execute(RemoteWebDriver.java:518)
at org.openqa.selenium.remote.ElementLocation$ElementFinder$2.findElement(ElementLocation.java:165)
at org.openqa.selenium.remote.ElementLocation.findElement(ElementLocation.java:59)
at org.openqa.selenium.remote.RemoteWebDriver.findElement(RemoteWebDriver.java:355)
at org.openqa.selenium.remote.RemoteWebDriver.findElement(RemoteWebDriver.java:349)
at org.openqa.selenium.support.pagefactory.DefaultElementLocator.findElement(DefaultElementLocator.java:68)
at org.openqa.selenium.support.pagefactory.internal.LocatingElementHandler.invoke(LocatingElementHandler.java:38)
at jdk.proxy2/jdk.proxy2.$Proxy16.click(Unknown Source)
at pageLayer.SearchAProduct.Search_box(SearchAProduct.java:89)
at testLayer.ProductDetailsTest.checkProductDetails(ProductDetailsTest.java:28)
at jdk.internal.reflect.GeneratedMethodAccessor9.invoke(Unknown Source)
at java.base/jdk.internal.reflect.DelegatingMethodAccessorImpl.invoke(DelegatingMethodAccessorImpl.java:43)
at java.base/java.lang.reflect.Method.invoke(Method.java:568)
at org.testng.internal.invokers.MethodInvocationHelper.invokeMethod(MethodInvocationHelper.java:139)
at org.testng.internal.invokers.TestInvoker.invokeMethod(TestInvoker.java:664)
at org.testng.internal.invokers.TestInvoker.invokeTestMethod(TestInvoker.java:227)
at org.testng.internal.invokers.MethodRunner.runInSequence(MethodRunner.java:50)
at org.testng.internal.invokers.TestInvoker$MethodInvocationAgent.invoke(TestInvoker.java:957)
at org.testng.internal.invokers.TestInvoker.invokeTestMethods(TestInvoker.java:200)
at org.testng.internal.invokers.TestMethodWorker.invokeTestMethods(TestMethodWorker.java:148)
at org.testng.internal.invokers.TestMethodWorker.run(TestMethodWorker.java:128)
at java.base/java.util.ArrayList.forEach(ArrayList.java:1511)
at org.testng.TestRunner.privateRun(TestRunner.java:848)
at org.testng.TestRunner.run(TestRunner.java:621)
at org.testng.SuiteRunner.runTest(SuiteRunner.java:443)
at org.testng.SuiteRunner.runSequentially(SuiteRunner.java:437)
at org.testng.SuiteRunner.privateRun(SuiteRunner.java:397)
at org.testng.SuiteRunner.run(SuiteRunner.java:336)
at org.testng.SuiteRunnerWorker.runSuite(SuiteRunnerWorker.java:52)
at org.testng.SuiteRunnerWorker.run(SuiteRunnerWorker.java:95)
at org.testng.TestNG.runSuitesSequentially(TestNG.java:1280)
at org.testng.TestNG.runSuitesLocally(TestNG.java:1200)
at org.testng.TestNG.runSuites(TestNG.java:1114)
at org.testng.TestNG.run(TestNG.java:1082)
at org.testng.remote.AbstractRemoteTestNG.run(AbstractRemoteTestNG.java:115)
at org.testng.remote.RemoteTestNG.initAndRun(RemoteTestNG.java:251)
at org.testng.remote.RemoteTestNG.main(RemoteTestNG.java:77)
]]>
    </failure>
  </testcase> <!-- checkProductDetails -->
  <testcase classname="testLayer.ProductDetailsTest" name="checkProductDetails" time="9.49"/>
  <testcase classname="testLayer.ProductDetailsTest" name="checkProductDetails" time="7.705"/>
  <testcase classname="testLayer.ProductDetailsTest" name="checkProductDetails" time="8.849"/>
  <testcase classname="testLayer.ProductDetailsTest" name="checkProductDetails" time="11.247"/>
  <testcase classname="testLayer.ProductDetailsTest" name="checkProductDetails" time="8.731"/>
  <testcase classname="testLayer.ProductDetailsTest" name="checkProductDetails" time="10.583"/>
  <testcase classname="testLayer.ProductDetailsTest" name="checkProductDetails" time="10.637"/>
  <testcase classname="testLayer.ProductDetailsTest" name="checkProductDetails" time="10.456"/>
  <testcase classname="testLayer.ProductDetailsTest" name="checkProductDetails" time="11.352"/>
  <testcase classname="testLayer.ProductDetailsTest" name="checkProductDetails" time="12.966"/>
  <testcase classname="testLayer.ProductDetailsTest" name="checkProductDetails" time="9.609"/>
  <testcase classname="testLayer.ProductDetailsTest" name="checkProductDetails" time="10.271"/>
  <testcase classname="testLayer.ProductDetailsTest" name="checkProductDetails" time="9.991"/>
  <testcase classname="testLayer.ProductDetailsTest" name="checkProductDetails" time="13.391"/>
  <testcase classname="testLayer.ProductDetailsTest" name="checkProductDetails" time="9.774"/>
  <testcase classname="testLayer.ProductDetailsTest" name="checkProductDetails" time="8.665"/>
  <testcase classname="testLayer.ProductDetailsTest" name="checkProductDetails" time="9.972"/>
  <testcase classname="testLayer.ProductDetailsTest" name="checkProductDetails" time="9.818"/>
  <testcase classname="testLayer.ProductDetailsTest" name="checkProductDetails" time="8.523"/>
  <testcase classname="testLayer.ProductDetailsTest" name="checkProductDetails" time="10.405"/>
  <testcase classname="testLayer.ProductDetailsTest" name="checkProductDetails" time="10.06"/>
  <testcase classname="testLayer.ProductDetailsTest" name="checkProductDetails" time="10.288"/>
  <testcase classname="testLayer.ProductDetailsTest" name="checkProductDetails" time="8.335"/>
  <testcase classname="testLayer.ProductDetailsTest" name="checkProductDetails" time="9.114"/>
  <testcase classname="testLayer.ProductDetailsTest" name="checkProductDetails" time="9.659"/>
  <testcase classname="testLayer.ProductDetailsTest" name="checkProductDetails" time="8.042"/>
  <testcase classname="testLayer.ProductDetailsTest" name="checkProductDetails" time="9.954"/>
  <testcase classname="testLayer.ProductDetailsTest" name="checkProductDetails" time="11.645"/>
  <testcase classname="testLayer.ProductDetailsTest" name="checkProductDetails" time="13.387"/>
  <testcase classname="testLayer.ProductDetailsTest" name="checkProductDetails" time="10.294"/>
  <testcase classname="testLayer.ProductDetailsTest" name="checkProductDetails" time="8.194"/>
  <testcase classname="testLayer.ProductDetailsTest" name="checkProductDetails" time="8.982"/>
  <testcase classname="testLayer.ProductDetailsTest" name="checkProductDetails" time="10.443"/>
  <testcase classname="testLayer.ProductDetailsTest" name="checkProductDetails" time="15.748"/>
  <testcase classname="testLayer.ProductDetailsTest" name="checkProductDetails" time="19.722"/>
  <testcase classname="testLayer.ProductDetailsTest" name="checkProductDetails" time="10.029"/>
  <testcase classname="testLayer.ProductDetailsTest" name="checkProductDetails" time="1.412">
    <failure type="org.openqa.selenium.StaleElementReferenceException" message="stale element reference: stale element not found in the current frame
  (Session info: chrome-headless-shell=124.0.6367.119)
For documentation on this error, please visit: https://www.selenium.dev/documentation/webdriver/troubleshooting/errors#stale-element-reference-exception
Build info: version: &amp;apos;4.19.1&amp;apos;, revision: &amp;apos;abe0ee07dc&amp;apos;
System info: os.name: &amp;apos;Windows 10&amp;apos;, os.arch: &amp;apos;amd64&amp;apos;, os.version: &amp;apos;10.0&amp;apos;, java.version: &amp;apos;17.0.7&amp;apos;
Driver info: org.openqa.selenium.chrome.ChromeDriver
Command: [f51e24903959e6a7b61ab2b8d0083775, isElementDisplayed {id=f.1BAC4D7B69FFA06A4FB1C117C079C0CB.d.33D9FBBD9B7CABD694CD50F0D3057F3F.e.64}]
Capabilities {acceptInsecureCerts: false, browserName: chrome-headless-shell, browserVersion: 124.0.6367.119, chrome: {chromedriverVersion: 124.0.6367.91 (51df0e5e17a8..., userDataDir: C:\Users\Admin\AppData\Loca...}, fedcm:accounts: true, goog:chromeOptions: {debuggerAddress: localhost:60599}, networkConnectionEnabled: false, pageLoadStrategy: normal, platformName: windows, proxy: Proxy(), se:cdp: ws://localhost:60599/devtoo..., se:cdpVersion: 124.0.6367.119, setWindowRect: true, strictFileInteractability: false, timeouts: {implicit: 0, pageLoad: 300000, script: 30000}, unhandledPromptBehavior: dismiss and notify, webauthn:extension:credBlob: true, webauthn:extension:largeBlob: true, webauthn:extension:minPinLength: true, webauthn:extension:prf: true, webauthn:virtualAuthenticators: true}
Element: [[ChromeDriver: chrome-headless-shell on windows (f51e24903959e6a7b61ab2b8d0083775)] -&amp;gt; css selector: .mst-searchautocomplete__wrapper li]
Session ID: f51e24903959e6a7b61ab2b8d0083775">
      <![CDATA[org.openqa.selenium.StaleElementReferenceException: stale element reference: stale element not found in the current frame
  (Session info: chrome-headless-shell=124.0.6367.119)
For documentation on this error, please visit: https://www.selenium.dev/documentation/webdriver/troubleshooting/errors#stale-element-reference-exception
Build info: version: '4.19.1', revision: 'abe0ee07dc'
System info: os.name: 'Windows 10', os.arch: 'amd64', os.version: '10.0', java.version: '17.0.7'
Driver info: org.openqa.selenium.chrome.ChromeDriver
Command: [f51e24903959e6a7b61ab2b8d0083775, isElementDisplayed {id=f.1BAC4D7B69FFA06A4FB1C117C079C0CB.d.33D9FBBD9B7CABD694CD50F0D3057F3F.e.64}]
Capabilities {acceptInsecureCerts: false, browserName: chrome-headless-shell, browserVersion: 124.0.6367.119, chrome: {chromedriverVersion: 124.0.6367.91 (51df0e5e17a8..., userDataDir: C:\Users\Admin\AppData\Loca...}, fedcm:accounts: true, goog:chromeOptions: {debuggerAddress: localhost:60599}, networkConnectionEnabled: false, pageLoadStrategy: normal, platformName: windows, proxy: Proxy(), se:cdp: ws://localhost:60599/devtoo..., se:cdpVersion: 124.0.6367.119, setWindowRect: true, strictFileInteractability: false, timeouts: {implicit: 0, pageLoad: 300000, script: 30000}, unhandledPromptBehavior: dismiss and notify, webauthn:extension:credBlob: true, webauthn:extension:largeBlob: true, webauthn:extension:minPinLength: true, webauthn:extension:prf: true, webauthn:virtualAuthenticators: true}
Element: [[ChromeDriver: chrome-headless-shell on windows (f51e24903959e6a7b61ab2b8d0083775)] -> css selector: .mst-searchautocomplete__wrapper li]
Session ID: f51e24903959e6a7b61ab2b8d0083775
at java.base/jdk.internal.reflect.NativeConstructorAccessorImpl.newInstance0(Native Method)
at java.base/jdk.internal.reflect.NativeConstructorAccessorImpl.newInstance(NativeConstructorAccessorImpl.java:77)
at java.base/jdk.internal.reflect.DelegatingConstructorAccessorImpl.newInstance(DelegatingConstructorAccessorImpl.java:45)
at java.base/java.lang.reflect.Constructor.newInstanceWithCaller(Constructor.java:499)
at java.base/java.lang.reflect.Constructor.newInstance(Constructor.java:480)
at org.openqa.selenium.remote.ErrorCodec.decode(ErrorCodec.java:167)
at org.openqa.selenium.remote.codec.w3c.W3CHttpResponseCodec.decode(W3CHttpResponseCodec.java:138)
at org.openqa.selenium.remote.codec.w3c.W3CHttpResponseCodec.decode(W3CHttpResponseCodec.java:50)
at org.openqa.selenium.remote.HttpCommandExecutor.execute(HttpCommandExecutor.java:190)
at org.openqa.selenium.remote.service.DriverCommandExecutor.invokeExecute(DriverCommandExecutor.java:216)
at org.openqa.selenium.remote.service.DriverCommandExecutor.execute(DriverCommandExecutor.java:174)
at org.openqa.selenium.remote.RemoteWebDriver.execute(RemoteWebDriver.java:518)
at org.openqa.selenium.remote.RemoteWebElement.execute(RemoteWebElement.java:223)
at org.openqa.selenium.remote.RemoteWebElement.isDisplayed(RemoteWebElement.java:282)
at jdk.internal.reflect.GeneratedMethodAccessor11.invoke(Unknown Source)
at java.base/jdk.internal.reflect.DelegatingMethodAccessorImpl.invoke(DelegatingMethodAccessorImpl.java:43)
at java.base/java.lang.reflect.Method.invoke(Method.java:568)
at org.openqa.selenium.support.pagefactory.internal.LocatingElementHandler.invoke(LocatingElementHandler.java:51)
at jdk.proxy2/jdk.proxy2.$Proxy16.isDisplayed(Unknown Source)
at org.openqa.selenium.support.ui.ExpectedConditions.elementIfVisible(ExpectedConditions.java:304)
at org.openqa.selenium.support.ui.ExpectedConditions$10.apply(ExpectedConditions.java:290)
at org.openqa.selenium.support.ui.ExpectedConditions$10.apply(ExpectedConditions.java:287)
at org.openqa.selenium.support.ui.ExpectedConditions$23.apply(ExpectedConditions.java:656)
at org.openqa.selenium.support.ui.ExpectedConditions$23.apply(ExpectedConditions.java:652)
at org.openqa.selenium.support.ui.FluentWait.until(FluentWait.java:203)
at utilities.UtilClass.waitTillClickable(UtilClass.java:148)
at pageLayer.SearchAProduct.Search_box(SearchAProduct.java:82)
at testLayer.ProductDetailsTest.checkProductDetails(ProductDetailsTest.java:28)
at jdk.internal.reflect.GeneratedMethodAccessor9.invoke(Unknown Source)
at java.base/jdk.internal.reflect.DelegatingMethodAccessorImpl.invoke(DelegatingMethodAccessorImpl.java:43)
at java.base/java.lang.reflect.Method.invoke(Method.java:568)
at org.testng.internal.invokers.MethodInvocationHelper.invokeMethod(MethodInvocationHelper.java:139)
at org.testng.internal.invokers.TestInvoker.invokeMethod(TestInvoker.java:664)
at org.testng.internal.invokers.TestInvoker.invokeTestMethod(TestInvoker.java:227)
at org.testng.internal.invokers.MethodRunner.runInSequence(MethodRunner.java:50)
at org.testng.internal.invokers.TestInvoker$MethodInvocationAgent.invoke(TestInvoker.java:957)
at org.testng.internal.invokers.TestInvoker.invokeTestMethods(TestInvoker.java:200)
at org.testng.internal.invokers.TestMethodWorker.invokeTestMethods(TestMethodWorker.java:148)
at org.testng.internal.invokers.TestMethodWorker.run(TestMethodWorker.java:128)
at java.base/java.util.ArrayList.forEach(ArrayList.java:1511)
at org.testng.TestRunner.privateRun(TestRunner.java:848)
at org.testng.TestRunner.run(TestRunner.java:621)
at org.testng.SuiteRunner.runTest(SuiteRunner.java:443)
at org.testng.SuiteRunner.runSequentially(SuiteRunner.java:437)
at org.testng.SuiteRunner.privateRun(SuiteRunner.java:397)
at org.testng.SuiteRunner.run(SuiteRunner.java:336)
at org.testng.SuiteRunnerWorker.runSuite(SuiteRunnerWorker.java:52)
at org.testng.SuiteRunnerWorker.run(SuiteRunnerWorker.java:95)
at org.testng.TestNG.runSuitesSequentially(TestNG.java:1280)
at org.testng.TestNG.runSuitesLocally(TestNG.java:1200)
at org.testng.TestNG.runSuites(TestNG.java:1114)
at org.testng.TestNG.run(TestNG.java:1082)
at org.testng.remote.AbstractRemoteTestNG.run(AbstractRemoteTestNG.java:115)
at org.testng.remote.RemoteTestNG.initAndRun(RemoteTestNG.java:251)
at org.testng.remote.RemoteTestNG.main(RemoteTestNG.java:77)
]]>
    </failure>
  </testcase> <!-- checkProductDetails -->
  <testcase classname="testLayer.ProductDetailsTest" name="checkProductDetails" time="10.158"/>
  <testcase classname="testLayer.ProductDetailsTest" name="checkProductDetails" time="8.134"/>
  <testcase classname="testLayer.ProductDetailsTest" name="checkProductDetails" time="7.794"/>
  <testcase classname="testLayer.ProductDetailsTest" name="checkProductDetails" time="9.701"/>
  <testcase classname="testLayer.ProductDetailsTest" name="checkProductDetails" time="10.153"/>
  <testcase classname="testLayer.ProductDetailsTest" name="checkProductDetails" time="7.863"/>
  <testcase classname="testLayer.ProductDetailsTest" name="checkProductDetails" time="7.598"/>
  <testcase classname="testLayer.ProductDetailsTest" name="checkProductDetails" time="10.304"/>
  <testcase classname="testLayer.ProductDetailsTest" name="checkProductDetails" time="9.575"/>
  <testcase classname="testLayer.ProductDetailsTest" name="checkProductDetails" time="7.967"/>
  <testcase classname="testLayer.ProductDetailsTest" name="checkProductDetails" time="9.537"/>
  <testcase classname="testLayer.ProductDetailsTest" name="checkProductDetails" time="11.576"/>
  <testcase classname="testLayer.ProductDetailsTest" name="checkProductDetails" time="9.369"/>
  <testcase classname="testLayer.ProductDetailsTest" name="checkProductDetails" time="8.937"/>
  <testcase classname="testLayer.ProductDetailsTest" name="checkProductDetails" time="10.048"/>
  <testcase classname="testLayer.ProductDetailsTest" name="checkProductDetails" time="10.636"/>
  <testcase classname="testLayer.ProductDetailsTest" name="checkProductDetails" time="9.958"/>
  <testcase classname="testLayer.ProductDetailsTest" name="checkProductDetails" time="8.475"/>
  <testcase classname="testLayer.ProductDetailsTest" name="checkProductDetails" time="10.35"/>
  <testcase classname="testLayer.ProductDetailsTest" name="checkProductDetails" time="10.741"/>
  <testcase classname="testLayer.ProductDetailsTest" name="checkProductDetails" time="23.359">
    <failure type="org.openqa.selenium.NoSuchElementException" message="no such element: Unable to locate element: {&amp;quot;method&amp;quot;:&amp;quot;css selector&amp;quot;,&amp;quot;selector&amp;quot;:&amp;quot;.mst-searchautocomplete__wrapper li&amp;quot;}
  (Session info: chrome-headless-shell=124.0.6367.119)
For documentation on this error, please visit: https://www.selenium.dev/documentation/webdriver/troubleshooting/errors#no-such-element-exception
Build info: version: &amp;apos;4.19.1&amp;apos;, revision: &amp;apos;abe0ee07dc&amp;apos;
System info: os.name: &amp;apos;Windows 10&amp;apos;, os.arch: &amp;apos;amd64&amp;apos;, os.version: &amp;apos;10.0&amp;apos;, java.version: &amp;apos;17.0.7&amp;apos;
Driver info: org.openqa.selenium.chrome.ChromeDriver
Command: [27391274e44867cadfaf09980f1eacb0, findElement {value=.mst-searchautocomplete__wrapper li, using=css selector}]
Capabilities {acceptInsecureCerts: false, browserName: chrome-headless-shell, browserVersion: 124.0.6367.119, chrome: {chromedriverVersion: 124.0.6367.91 (51df0e5e17a8..., userDataDir: C:\Users\Admin\AppData\Loca...}, fedcm:accounts: true, goog:chromeOptions: {debuggerAddress: localhost:61337}, networkConnectionEnabled: false, pageLoadStrategy: normal, platformName: windows, proxy: Proxy(), se:cdp: ws://localhost:61337/devtoo..., se:cdpVersion: 124.0.6367.119, setWindowRect: true, strictFileInteractability: false, timeouts: {implicit: 0, pageLoad: 300000, script: 30000}, unhandledPromptBehavior: dismiss and notify, webauthn:extension:credBlob: true, webauthn:extension:largeBlob: true, webauthn:extension:minPinLength: true, webauthn:extension:prf: true, webauthn:virtualAuthenticators: true}
Session ID: 27391274e44867cadfaf09980f1eacb0">
      <![CDATA[org.openqa.selenium.NoSuchElementException: no such element: Unable to locate element: {"method":"css selector","selector":".mst-searchautocomplete__wrapper li"}
  (Session info: chrome-headless-shell=124.0.6367.119)
For documentation on this error, please visit: https://www.selenium.dev/documentation/webdriver/troubleshooting/errors#no-such-element-exception
Build info: version: '4.19.1', revision: 'abe0ee07dc'
System info: os.name: 'Windows 10', os.arch: 'amd64', os.version: '10.0', java.version: '17.0.7'
Driver info: org.openqa.selenium.chrome.ChromeDriver
Command: [27391274e44867cadfaf09980f1eacb0, findElement {value=.mst-searchautocomplete__wrapper li, using=css selector}]
Capabilities {acceptInsecureCerts: false, browserName: chrome-headless-shell, browserVersion: 124.0.6367.119, chrome: {chromedriverVersion: 124.0.6367.91 (51df0e5e17a8..., userDataDir: C:\Users\Admin\AppData\Loca...}, fedcm:accounts: true, goog:chromeOptions: {debuggerAddress: localhost:61337}, networkConnectionEnabled: false, pageLoadStrategy: normal, platformName: windows, proxy: Proxy(), se:cdp: ws://localhost:61337/devtoo..., se:cdpVersion: 124.0.6367.119, setWindowRect: true, strictFileInteractability: false, timeouts: {implicit: 0, pageLoad: 300000, script: 30000}, unhandledPromptBehavior: dismiss and notify, webauthn:extension:credBlob: true, webauthn:extension:largeBlob: true, webauthn:extension:minPinLength: true, webauthn:extension:prf: true, webauthn:virtualAuthenticators: true}
Session ID: 27391274e44867cadfaf09980f1eacb0
at java.base/jdk.internal.reflect.NativeConstructorAccessorImpl.newInstance0(Native Method)
at java.base/jdk.internal.reflect.NativeConstructorAccessorImpl.newInstance(NativeConstructorAccessorImpl.java:77)
at java.base/jdk.internal.reflect.DelegatingConstructorAccessorImpl.newInstance(DelegatingConstructorAccessorImpl.java:45)
at java.base/java.lang.reflect.Constructor.newInstanceWithCaller(Constructor.java:499)
at java.base/java.lang.reflect.Constructor.newInstance(Constructor.java:480)
at org.openqa.selenium.remote.ErrorCodec.decode(ErrorCodec.java:167)
at org.openqa.selenium.remote.codec.w3c.W3CHttpResponseCodec.decode(W3CHttpResponseCodec.java:138)
at org.openqa.selenium.remote.codec.w3c.W3CHttpResponseCodec.decode(W3CHttpResponseCodec.java:50)
at org.openqa.selenium.remote.HttpCommandExecutor.execute(HttpCommandExecutor.java:190)
at org.openqa.selenium.remote.service.DriverCommandExecutor.invokeExecute(DriverCommandExecutor.java:216)
at org.openqa.selenium.remote.service.DriverCommandExecutor.execute(DriverCommandExecutor.java:174)
at org.openqa.selenium.remote.RemoteWebDriver.execute(RemoteWebDriver.java:518)
at org.openqa.selenium.remote.ElementLocation$ElementFinder$2.findElement(ElementLocation.java:165)
at org.openqa.selenium.remote.ElementLocation.findElement(ElementLocation.java:59)
at org.openqa.selenium.remote.RemoteWebDriver.findElement(RemoteWebDriver.java:355)
at org.openqa.selenium.remote.RemoteWebDriver.findElement(RemoteWebDriver.java:349)
at org.openqa.selenium.support.pagefactory.DefaultElementLocator.findElement(DefaultElementLocator.java:68)
at org.openqa.selenium.support.pagefactory.internal.LocatingElementHandler.invoke(LocatingElementHandler.java:38)
at jdk.proxy2/jdk.proxy2.$Proxy16.click(Unknown Source)
at pageLayer.SearchAProduct.Search_box(SearchAProduct.java:89)
at testLayer.ProductDetailsTest.checkProductDetails(ProductDetailsTest.java:28)
at jdk.internal.reflect.GeneratedMethodAccessor9.invoke(Unknown Source)
at java.base/jdk.internal.reflect.DelegatingMethodAccessorImpl.invoke(DelegatingMethodAccessorImpl.java:43)
at java.base/java.lang.reflect.Method.invoke(Method.java:568)
at org.testng.internal.invokers.MethodInvocationHelper.invokeMethod(MethodInvocationHelper.java:139)
at org.testng.internal.invokers.TestInvoker.invokeMethod(TestInvoker.java:664)
at org.testng.internal.invokers.TestInvoker.invokeTestMethod(TestInvoker.java:227)
at org.testng.internal.invokers.MethodRunner.runInSequence(MethodRunner.java:50)
at org.testng.internal.invokers.TestInvoker$MethodInvocationAgent.invoke(TestInvoker.java:957)
at org.testng.internal.invokers.TestInvoker.invokeTestMethods(TestInvoker.java:200)
at org.testng.internal.invokers.TestMethodWorker.invokeTestMethods(TestMethodWorker.java:148)
at org.testng.internal.invokers.TestMethodWorker.run(TestMethodWorker.java:128)
at java.base/java.util.ArrayList.forEach(ArrayList.java:1511)
at org.testng.TestRunner.privateRun(TestRunner.java:848)
at org.testng.TestRunner.run(TestRunner.java:621)
at org.testng.SuiteRunner.runTest(SuiteRunner.java:443)
at org.testng.SuiteRunner.runSequentially(SuiteRunner.java:437)
at org.testng.SuiteRunner.privateRun(SuiteRunner.java:397)
at org.testng.SuiteRunner.run(SuiteRunner.java:336)
at org.testng.SuiteRunnerWorker.runSuite(SuiteRunnerWorker.java:52)
at org.testng.SuiteRunnerWorker.run(SuiteRunnerWorker.java:95)
at org.testng.TestNG.runSuitesSequentially(TestNG.java:1280)
at org.testng.TestNG.runSuitesLocally(TestNG.java:1200)
at org.testng.TestNG.runSuites(TestNG.java:1114)
at org.testng.TestNG.run(TestNG.java:1082)
at org.testng.remote.AbstractRemoteTestNG.run(AbstractRemoteTestNG.java:115)
at org.testng.remote.RemoteTestNG.initAndRun(RemoteTestNG.java:251)
at org.testng.remote.RemoteTestNG.main(RemoteTestNG.java:77)
]]>
    </failure>
  </testcase> <!-- checkProductDetails -->
  <testcase classname="testLayer.ProductDetailsTest" name="checkProductDetails" time="10.097"/>
  <testcase classname="testLayer.ProductDetailsTest" name="checkProductDetails" time="11.624"/>
  <testcase classname="testLayer.ProductDetailsTest" name="checkProductDetails" time="14.221"/>
  <testcase classname="testLayer.ProductDetailsTest" name="checkProductDetails" time="8.627"/>
  <testcase classname="testLayer.ProductDetailsTest" name="checkProductDetails" time="9.078"/>
  <testcase classname="testLayer.ProductDetailsTest" name="checkProductDetails" time="8.048"/>
  <testcase classname="testLayer.ProductDetailsTest" name="checkProductDetails" time="9.185"/>
  <testcase classname="testLayer.ProductDetailsTest" name="checkProductDetails" time="0.576">
    <failure type="org.openqa.selenium.StaleElementReferenceException" message="stale element reference: stale element not found in the current frame
  (Session info: chrome-headless-shell=124.0.6367.119)
For documentation on this error, please visit: https://www.selenium.dev/documentation/webdriver/troubleshooting/errors#stale-element-reference-exception
Build info: version: &amp;apos;4.19.1&amp;apos;, revision: &amp;apos;abe0ee07dc&amp;apos;
System info: os.name: &amp;apos;Windows 10&amp;apos;, os.arch: &amp;apos;amd64&amp;apos;, os.version: &amp;apos;10.0&amp;apos;, java.version: &amp;apos;17.0.7&amp;apos;
Driver info: org.openqa.selenium.chrome.ChromeDriver
Command: [b7d1e75cdbc336743dff78cb21f5044b, isElementDisplayed {id=f.019DEB35A4BE1E1EEA566FEC0D6D416E.d.9885C039178D0A83EFDE035140625126.e.64}]
Capabilities {acceptInsecureCerts: false, browserName: chrome-headless-shell, browserVersion: 124.0.6367.119, chrome: {chromedriverVersion: 124.0.6367.91 (51df0e5e17a8..., userDataDir: C:\Users\Admin\AppData\Loca...}, fedcm:accounts: true, goog:chromeOptions: {debuggerAddress: localhost:61629}, networkConnectionEnabled: false, pageLoadStrategy: normal, platformName: windows, proxy: Proxy(), se:cdp: ws://localhost:61629/devtoo..., se:cdpVersion: 124.0.6367.119, setWindowRect: true, strictFileInteractability: false, timeouts: {implicit: 0, pageLoad: 300000, script: 30000}, unhandledPromptBehavior: dismiss and notify, webauthn:extension:credBlob: true, webauthn:extension:largeBlob: true, webauthn:extension:minPinLength: true, webauthn:extension:prf: true, webauthn:virtualAuthenticators: true}
Element: [[ChromeDriver: chrome-headless-shell on windows (b7d1e75cdbc336743dff78cb21f5044b)] -&amp;gt; css selector: .mst-searchautocomplete__wrapper li]
Session ID: b7d1e75cdbc336743dff78cb21f5044b">
      <![CDATA[org.openqa.selenium.StaleElementReferenceException: stale element reference: stale element not found in the current frame
  (Session info: chrome-headless-shell=124.0.6367.119)
For documentation on this error, please visit: https://www.selenium.dev/documentation/webdriver/troubleshooting/errors#stale-element-reference-exception
Build info: version: '4.19.1', revision: 'abe0ee07dc'
System info: os.name: 'Windows 10', os.arch: 'amd64', os.version: '10.0', java.version: '17.0.7'
Driver info: org.openqa.selenium.chrome.ChromeDriver
Command: [b7d1e75cdbc336743dff78cb21f5044b, isElementDisplayed {id=f.019DEB35A4BE1E1EEA566FEC0D6D416E.d.9885C039178D0A83EFDE035140625126.e.64}]
Capabilities {acceptInsecureCerts: false, browserName: chrome-headless-shell, browserVersion: 124.0.6367.119, chrome: {chromedriverVersion: 124.0.6367.91 (51df0e5e17a8..., userDataDir: C:\Users\Admin\AppData\Loca...}, fedcm:accounts: true, goog:chromeOptions: {debuggerAddress: localhost:61629}, networkConnectionEnabled: false, pageLoadStrategy: normal, platformName: windows, proxy: Proxy(), se:cdp: ws://localhost:61629/devtoo..., se:cdpVersion: 124.0.6367.119, setWindowRect: true, strictFileInteractability: false, timeouts: {implicit: 0, pageLoad: 300000, script: 30000}, unhandledPromptBehavior: dismiss and notify, webauthn:extension:credBlob: true, webauthn:extension:largeBlob: true, webauthn:extension:minPinLength: true, webauthn:extension:prf: true, webauthn:virtualAuthenticators: true}
Element: [[ChromeDriver: chrome-headless-shell on windows (b7d1e75cdbc336743dff78cb21f5044b)] -> css selector: .mst-searchautocomplete__wrapper li]
Session ID: b7d1e75cdbc336743dff78cb21f5044b
at java.base/jdk.internal.reflect.NativeConstructorAccessorImpl.newInstance0(Native Method)
at java.base/jdk.internal.reflect.NativeConstructorAccessorImpl.newInstance(NativeConstructorAccessorImpl.java:77)
at java.base/jdk.internal.reflect.DelegatingConstructorAccessorImpl.newInstance(DelegatingConstructorAccessorImpl.java:45)
at java.base/java.lang.reflect.Constructor.newInstanceWithCaller(Constructor.java:499)
at java.base/java.lang.reflect.Constructor.newInstance(Constructor.java:480)
at org.openqa.selenium.remote.ErrorCodec.decode(ErrorCodec.java:167)
at org.openqa.selenium.remote.codec.w3c.W3CHttpResponseCodec.decode(W3CHttpResponseCodec.java:138)
at org.openqa.selenium.remote.codec.w3c.W3CHttpResponseCodec.decode(W3CHttpResponseCodec.java:50)
at org.openqa.selenium.remote.HttpCommandExecutor.execute(HttpCommandExecutor.java:190)
at org.openqa.selenium.remote.service.DriverCommandExecutor.invokeExecute(DriverCommandExecutor.java:216)
at org.openqa.selenium.remote.service.DriverCommandExecutor.execute(DriverCommandExecutor.java:174)
at org.openqa.selenium.remote.RemoteWebDriver.execute(RemoteWebDriver.java:518)
at org.openqa.selenium.remote.RemoteWebElement.execute(RemoteWebElement.java:223)
at org.openqa.selenium.remote.RemoteWebElement.isDisplayed(RemoteWebElement.java:282)
at jdk.internal.reflect.GeneratedMethodAccessor11.invoke(Unknown Source)
at java.base/jdk.internal.reflect.DelegatingMethodAccessorImpl.invoke(DelegatingMethodAccessorImpl.java:43)
at java.base/java.lang.reflect.Method.invoke(Method.java:568)
at org.openqa.selenium.support.pagefactory.internal.LocatingElementHandler.invoke(LocatingElementHandler.java:51)
at jdk.proxy2/jdk.proxy2.$Proxy16.isDisplayed(Unknown Source)
at org.openqa.selenium.support.ui.ExpectedConditions.elementIfVisible(ExpectedConditions.java:304)
at org.openqa.selenium.support.ui.ExpectedConditions$10.apply(ExpectedConditions.java:290)
at org.openqa.selenium.support.ui.ExpectedConditions$10.apply(ExpectedConditions.java:287)
at org.openqa.selenium.support.ui.ExpectedConditions$23.apply(ExpectedConditions.java:656)
at org.openqa.selenium.support.ui.ExpectedConditions$23.apply(ExpectedConditions.java:652)
at org.openqa.selenium.support.ui.FluentWait.until(FluentWait.java:203)
at utilities.UtilClass.waitTillClickable(UtilClass.java:148)
at pageLayer.SearchAProduct.Search_box(SearchAProduct.java:82)
at testLayer.ProductDetailsTest.checkProductDetails(ProductDetailsTest.java:28)
at jdk.internal.reflect.GeneratedMethodAccessor9.invoke(Unknown Source)
at java.base/jdk.internal.reflect.DelegatingMethodAccessorImpl.invoke(DelegatingMethodAccessorImpl.java:43)
at java.base/java.lang.reflect.Method.invoke(Method.java:568)
at org.testng.internal.invokers.MethodInvocationHelper.invokeMethod(MethodInvocationHelper.java:139)
at org.testng.internal.invokers.TestInvoker.invokeMethod(TestInvoker.java:664)
at org.testng.internal.invokers.TestInvoker.invokeTestMethod(TestInvoker.java:227)
at org.testng.internal.invokers.MethodRunner.runInSequence(MethodRunner.java:50)
at org.testng.internal.invokers.TestInvoker$MethodInvocationAgent.invoke(TestInvoker.java:957)
at org.testng.internal.invokers.TestInvoker.invokeTestMethods(TestInvoker.java:200)
at org.testng.internal.invokers.TestMethodWorker.invokeTestMethods(TestMethodWorker.java:148)
at org.testng.internal.invokers.TestMethodWorker.run(TestMethodWorker.java:128)
at java.base/java.util.ArrayList.forEach(ArrayList.java:1511)
at org.testng.TestRunner.privateRun(TestRunner.java:848)
at org.testng.TestRunner.run(TestRunner.java:621)
at org.testng.SuiteRunner.runTest(SuiteRunner.java:443)
at org.testng.SuiteRunner.runSequentially(SuiteRunner.java:437)
at org.testng.SuiteRunner.privateRun(SuiteRunner.java:397)
at org.testng.SuiteRunner.run(SuiteRunner.java:336)
at org.testng.SuiteRunnerWorker.runSuite(SuiteRunnerWorker.java:52)
at org.testng.SuiteRunnerWorker.run(SuiteRunnerWorker.java:95)
at org.testng.TestNG.runSuitesSequentially(TestNG.java:1280)
at org.testng.TestNG.runSuitesLocally(TestNG.java:1200)
at org.testng.TestNG.runSuites(TestNG.java:1114)
at org.testng.TestNG.run(TestNG.java:1082)
at org.testng.remote.AbstractRemoteTestNG.run(AbstractRemoteTestNG.java:115)
at org.testng.remote.RemoteTestNG.initAndRun(RemoteTestNG.java:251)
at org.testng.remote.RemoteTestNG.main(RemoteTestNG.java:77)
]]>
    </failure>
  </testcase> <!-- checkProductDetails -->
  <testcase classname="testLayer.ProductDetailsTest" name="checkProductDetails" time="8.025"/>
  <testcase classname="testLayer.ProductDetailsTest" name="checkProductDetails" time="9.688"/>
  <testcase classname="testLayer.ProductDetailsTest" name="checkProductDetails" time="8.922"/>
  <testcase classname="testLayer.ProductDetailsTest" name="checkProductDetails" time="8.495"/>
  <testcase classname="testLayer.ProductDetailsTest" name="checkProductDetails" time="9.652"/>
  <testcase classname="testLayer.ProductDetailsTest" name="checkProductDetails" time="0.574">
    <failure type="org.openqa.selenium.StaleElementReferenceException" message="stale element reference: stale element not found in the current frame
  (Session info: chrome-headless-shell=124.0.6367.119)
For documentation on this error, please visit: https://www.selenium.dev/documentation/webdriver/troubleshooting/errors#stale-element-reference-exception
Build info: version: &amp;apos;4.19.1&amp;apos;, revision: &amp;apos;abe0ee07dc&amp;apos;
System info: os.name: &amp;apos;Windows 10&amp;apos;, os.arch: &amp;apos;amd64&amp;apos;, os.version: &amp;apos;10.0&amp;apos;, java.version: &amp;apos;17.0.7&amp;apos;
Driver info: org.openqa.selenium.chrome.ChromeDriver
Command: [f048b1fde45807ae748861df4557f61f, isElementDisplayed {id=f.AFC2C8FFDDA67776A41CB2F542380C75.d.237475AB9747E1D6938ED17CFD3C097F.e.64}]
Capabilities {acceptInsecureCerts: false, browserName: chrome-headless-shell, browserVersion: 124.0.6367.119, chrome: {chromedriverVersion: 124.0.6367.91 (51df0e5e17a8..., userDataDir: C:\Users\Admin\AppData\Loca...}, fedcm:accounts: true, goog:chromeOptions: {debuggerAddress: localhost:61819}, networkConnectionEnabled: false, pageLoadStrategy: normal, platformName: windows, proxy: Proxy(), se:cdp: ws://localhost:61819/devtoo..., se:cdpVersion: 124.0.6367.119, setWindowRect: true, strictFileInteractability: false, timeouts: {implicit: 0, pageLoad: 300000, script: 30000}, unhandledPromptBehavior: dismiss and notify, webauthn:extension:credBlob: true, webauthn:extension:largeBlob: true, webauthn:extension:minPinLength: true, webauthn:extension:prf: true, webauthn:virtualAuthenticators: true}
Element: [[ChromeDriver: chrome-headless-shell on windows (f048b1fde45807ae748861df4557f61f)] -&amp;gt; css selector: .mst-searchautocomplete__wrapper li]
Session ID: f048b1fde45807ae748861df4557f61f">
      <![CDATA[org.openqa.selenium.StaleElementReferenceException: stale element reference: stale element not found in the current frame
  (Session info: chrome-headless-shell=124.0.6367.119)
For documentation on this error, please visit: https://www.selenium.dev/documentation/webdriver/troubleshooting/errors#stale-element-reference-exception
Build info: version: '4.19.1', revision: 'abe0ee07dc'
System info: os.name: 'Windows 10', os.arch: 'amd64', os.version: '10.0', java.version: '17.0.7'
Driver info: org.openqa.selenium.chrome.ChromeDriver
Command: [f048b1fde45807ae748861df4557f61f, isElementDisplayed {id=f.AFC2C8FFDDA67776A41CB2F542380C75.d.237475AB9747E1D6938ED17CFD3C097F.e.64}]
Capabilities {acceptInsecureCerts: false, browserName: chrome-headless-shell, browserVersion: 124.0.6367.119, chrome: {chromedriverVersion: 124.0.6367.91 (51df0e5e17a8..., userDataDir: C:\Users\Admin\AppData\Loca...}, fedcm:accounts: true, goog:chromeOptions: {debuggerAddress: localhost:61819}, networkConnectionEnabled: false, pageLoadStrategy: normal, platformName: windows, proxy: Proxy(), se:cdp: ws://localhost:61819/devtoo..., se:cdpVersion: 124.0.6367.119, setWindowRect: true, strictFileInteractability: false, timeouts: {implicit: 0, pageLoad: 300000, script: 30000}, unhandledPromptBehavior: dismiss and notify, webauthn:extension:credBlob: true, webauthn:extension:largeBlob: true, webauthn:extension:minPinLength: true, webauthn:extension:prf: true, webauthn:virtualAuthenticators: true}
Element: [[ChromeDriver: chrome-headless-shell on windows (f048b1fde45807ae748861df4557f61f)] -> css selector: .mst-searchautocomplete__wrapper li]
Session ID: f048b1fde45807ae748861df4557f61f
at java.base/jdk.internal.reflect.NativeConstructorAccessorImpl.newInstance0(Native Method)
at java.base/jdk.internal.reflect.NativeConstructorAccessorImpl.newInstance(NativeConstructorAccessorImpl.java:77)
at java.base/jdk.internal.reflect.DelegatingConstructorAccessorImpl.newInstance(DelegatingConstructorAccessorImpl.java:45)
at java.base/java.lang.reflect.Constructor.newInstanceWithCaller(Constructor.java:499)
at java.base/java.lang.reflect.Constructor.newInstance(Constructor.java:480)
at org.openqa.selenium.remote.ErrorCodec.decode(ErrorCodec.java:167)
at org.openqa.selenium.remote.codec.w3c.W3CHttpResponseCodec.decode(W3CHttpResponseCodec.java:138)
at org.openqa.selenium.remote.codec.w3c.W3CHttpResponseCodec.decode(W3CHttpResponseCodec.java:50)
at org.openqa.selenium.remote.HttpCommandExecutor.execute(HttpCommandExecutor.java:190)
at org.openqa.selenium.remote.service.DriverCommandExecutor.invokeExecute(DriverCommandExecutor.java:216)
at org.openqa.selenium.remote.service.DriverCommandExecutor.execute(DriverCommandExecutor.java:174)
at org.openqa.selenium.remote.RemoteWebDriver.execute(RemoteWebDriver.java:518)
at org.openqa.selenium.remote.RemoteWebElement.execute(RemoteWebElement.java:223)
at org.openqa.selenium.remote.RemoteWebElement.isDisplayed(RemoteWebElement.java:282)
at jdk.internal.reflect.GeneratedMethodAccessor11.invoke(Unknown Source)
at java.base/jdk.internal.reflect.DelegatingMethodAccessorImpl.invoke(DelegatingMethodAccessorImpl.java:43)
at java.base/java.lang.reflect.Method.invoke(Method.java:568)
at org.openqa.selenium.support.pagefactory.internal.LocatingElementHandler.invoke(LocatingElementHandler.java:51)
at jdk.proxy2/jdk.proxy2.$Proxy16.isDisplayed(Unknown Source)
at org.openqa.selenium.support.ui.ExpectedConditions.elementIfVisible(ExpectedConditions.java:304)
at org.openqa.selenium.support.ui.ExpectedConditions$10.apply(ExpectedConditions.java:290)
at org.openqa.selenium.support.ui.ExpectedConditions$10.apply(ExpectedConditions.java:287)
at org.openqa.selenium.support.ui.ExpectedConditions$23.apply(ExpectedConditions.java:656)
at org.openqa.selenium.support.ui.ExpectedConditions$23.apply(ExpectedConditions.java:652)
at org.openqa.selenium.support.ui.FluentWait.until(FluentWait.java:203)
at utilities.UtilClass.waitTillClickable(UtilClass.java:148)
at pageLayer.SearchAProduct.Search_box(SearchAProduct.java:82)
at testLayer.ProductDetailsTest.checkProductDetails(ProductDetailsTest.java:28)
at jdk.internal.reflect.GeneratedMethodAccessor9.invoke(Unknown Source)
at java.base/jdk.internal.reflect.DelegatingMethodAccessorImpl.invoke(DelegatingMethodAccessorImpl.java:43)
at java.base/java.lang.reflect.Method.invoke(Method.java:568)
at org.testng.internal.invokers.MethodInvocationHelper.invokeMethod(MethodInvocationHelper.java:139)
at org.testng.internal.invokers.TestInvoker.invokeMethod(TestInvoker.java:664)
at org.testng.internal.invokers.TestInvoker.invokeTestMethod(TestInvoker.java:227)
at org.testng.internal.invokers.MethodRunner.runInSequence(MethodRunner.java:50)
at org.testng.internal.invokers.TestInvoker$MethodInvocationAgent.invoke(TestInvoker.java:957)
at org.testng.internal.invokers.TestInvoker.invokeTestMethods(TestInvoker.java:200)
at org.testng.internal.invokers.TestMethodWorker.invokeTestMethods(TestMethodWorker.java:148)
at org.testng.internal.invokers.TestMethodWorker.run(TestMethodWorker.java:128)
at java.base/java.util.ArrayList.forEach(ArrayList.java:1511)
at org.testng.TestRunner.privateRun(TestRunner.java:848)
at org.testng.TestRunner.run(TestRunner.java:621)
at org.testng.SuiteRunner.runTest(SuiteRunner.java:443)
at org.testng.SuiteRunner.runSequentially(SuiteRunner.java:437)
at org.testng.SuiteRunner.privateRun(SuiteRunner.java:397)
at org.testng.SuiteRunner.run(SuiteRunner.java:336)
at org.testng.SuiteRunnerWorker.runSuite(SuiteRunnerWorker.java:52)
at org.testng.SuiteRunnerWorker.run(SuiteRunnerWorker.java:95)
at org.testng.TestNG.runSuitesSequentially(TestNG.java:1280)
at org.testng.TestNG.runSuitesLocally(TestNG.java:1200)
at org.testng.TestNG.runSuites(TestNG.java:1114)
at org.testng.TestNG.run(TestNG.java:1082)
at org.testng.remote.AbstractRemoteTestNG.run(AbstractRemoteTestNG.java:115)
at org.testng.remote.RemoteTestNG.initAndRun(RemoteTestNG.java:251)
at org.testng.remote.RemoteTestNG.main(RemoteTestNG.java:77)
]]>
    </failure>
  </testcase> <!-- checkProductDetails -->
  <testcase classname="testLayer.ProductDetailsTest" name="checkProductDetails" time="10.377"/>
  <testcase classname="testLayer.ProductDetailsTest" name="checkProductDetails" time="9.806"/>
  <testcase classname="testLayer.ProductDetailsTest" name="checkProductDetails" time="14.619"/>
  <testcase classname="testLayer.ProductDetailsTest" name="checkProductDetails" time="8.993"/>
  <testcase classname="testLayer.ProductDetailsTest" name="checkProductDetails" time="12.044"/>
  <testcase classname="testLayer.ProductDetailsTest" name="checkProductDetails" time="10.554"/>
  <testcase classname="testLayer.ProductDetailsTest" name="checkProductDetails" time="10.878"/>
  <testcase classname="testLayer.ProductDetailsTest" name="checkProductDetails" time="28.356">
    <failure type="org.openqa.selenium.NoSuchElementException" message="no such element: Unable to locate element: {&amp;quot;method&amp;quot;:&amp;quot;css selector&amp;quot;,&amp;quot;selector&amp;quot;:&amp;quot;.attributes-list [data-th=&amp;apos;Size&amp;apos;]&amp;quot;}
  (Session info: chrome-headless-shell=124.0.6367.119)
For documentation on this error, please visit: https://www.selenium.dev/documentation/webdriver/troubleshooting/errors#no-such-element-exception
Build info: version: &amp;apos;4.19.1&amp;apos;, revision: &amp;apos;abe0ee07dc&amp;apos;
System info: os.name: &amp;apos;Windows 10&amp;apos;, os.arch: &amp;apos;amd64&amp;apos;, os.version: &amp;apos;10.0&amp;apos;, java.version: &amp;apos;17.0.7&amp;apos;
Driver info: org.openqa.selenium.chrome.ChromeDriver
Command: [786cac42e948defb4e7a78afabca98a8, findElement {value=.attributes-list [data-th=&amp;apos;Size&amp;apos;], using=css selector}]
Capabilities {acceptInsecureCerts: false, browserName: chrome-headless-shell, browserVersion: 124.0.6367.119, chrome: {chromedriverVersion: 124.0.6367.91 (51df0e5e17a8..., userDataDir: C:\Users\Admin\AppData\Loca...}, fedcm:accounts: true, goog:chromeOptions: {debuggerAddress: localhost:55234}, networkConnectionEnabled: false, pageLoadStrategy: normal, platformName: windows, proxy: Proxy(), se:cdp: ws://localhost:55234/devtoo..., se:cdpVersion: 124.0.6367.119, setWindowRect: true, strictFileInteractability: false, timeouts: {implicit: 0, pageLoad: 300000, script: 30000}, unhandledPromptBehavior: dismiss and notify, webauthn:extension:credBlob: true, webauthn:extension:largeBlob: true, webauthn:extension:minPinLength: true, webauthn:extension:prf: true, webauthn:virtualAuthenticators: true}
Session ID: 786cac42e948defb4e7a78afabca98a8">
      <![CDATA[org.openqa.selenium.NoSuchElementException: no such element: Unable to locate element: {"method":"css selector","selector":".attributes-list [data-th='Size']"}
  (Session info: chrome-headless-shell=124.0.6367.119)
For documentation on this error, please visit: https://www.selenium.dev/documentation/webdriver/troubleshooting/errors#no-such-element-exception
Build info: version: '4.19.1', revision: 'abe0ee07dc'
System info: os.name: 'Windows 10', os.arch: 'amd64', os.version: '10.0', java.version: '17.0.7'
Driver info: org.openqa.selenium.chrome.ChromeDriver
Command: [786cac42e948defb4e7a78afabca98a8, findElement {value=.attributes-list [data-th='Size'], using=css selector}]
Capabilities {acceptInsecureCerts: false, browserName: chrome-headless-shell, browserVersion: 124.0.6367.119, chrome: {chromedriverVersion: 124.0.6367.91 (51df0e5e17a8..., userDataDir: C:\Users\Admin\AppData\Loca...}, fedcm:accounts: true, goog:chromeOptions: {debuggerAddress: localhost:55234}, networkConnectionEnabled: false, pageLoadStrategy: normal, platformName: windows, proxy: Proxy(), se:cdp: ws://localhost:55234/devtoo..., se:cdpVersion: 124.0.6367.119, setWindowRect: true, strictFileInteractability: false, timeouts: {implicit: 0, pageLoad: 300000, script: 30000}, unhandledPromptBehavior: dismiss and notify, webauthn:extension:credBlob: true, webauthn:extension:largeBlob: true, webauthn:extension:minPinLength: true, webauthn:extension:prf: true, webauthn:virtualAuthenticators: true}
Session ID: 786cac42e948defb4e7a78afabca98a8
at java.base/jdk.internal.reflect.NativeConstructorAccessorImpl.newInstance0(Native Method)
[...]
Element: [[ChromeDriver: chrome-headless-shell on windows (c7d7491c42e1408f67be4749f0696869)] -&amp;gt; css selector: .mst-searchautocomplete__wrapper li]
Session ID: c7d7491c42e1408f67be4749f0696869">
      <![CDATA[org.openqa.selenium.StaleElementReferenceException: stale element reference: stale element not found in the current frame
  (Session info: chrome-headless-shell=124.0.6367.119)
For documentation on this error, please visit: https://www.selenium.dev/documentation/webdriver/troubleshooting/errors#stale-element-reference-exception
Build info: version: '4.19.1', revision: 'abe0ee07dc'
System info: os.name: 'Windows 10', os.arch: 'amd64', os.version: '10.0', java.version: '17.0.7'
Driver info: org.openqa.selenium.chrome.ChromeDriver
Command: [c7d7491c42e1408f67be4749f0696869, isElementDisplayed {id=f.31778D75FB45FEF339317B1F369150DF.d.6EEC97286F145089784AA56CF3A8C1BF.e.70}]
Capabilities {acceptInsecureCerts: false, browserName: chrome-headless-shell, browserVersion: 124.0.6367.119, chrome: {chromedriverVersion: 124.0.6367.91 (51df0e5e17a8..., userDataDir: C:\Users\Admin\AppData\Loca...}, fedcm:accounts: true, goog:chromeOptions: {debuggerAddress: localhost:59640}, networkConnectionEnabled: false, pageLoadStrategy: normal, platformName: windows, proxy: Proxy(), se:cdp: ws://localhost:59640/devtoo..., se:cdpVersion: 124.0.6367.119, setWindowRect: true, strictFileInteractability: false, timeouts: {implicit: 0, pageLoad: 300000, script: 30000}, unhandledPromptBehavior: dismiss and notify, webauthn:extension:credBlob: true, webauthn:extension:largeBlob: true, webauthn:extension:minPinLength: true, webauthn:extension:prf: true, webauthn:virtualAuthenticators: true}
Element: [[ChromeDriver: chrome-headless-shell on windows (c7d7491c42e1408f67be4749f0696869)] -> css selector: .mst-searchautocomplete__wrapper li]
Session ID: c7d7491c42e1408f67be4749f0696869
at jdk.internal.reflect.GeneratedConstructorAccessor46.newInstance(Unknown Source)
at java.base/jdk.internal.reflect.DelegatingConstructorAccessorImpl.newInstance(DelegatingConstructorAccessorImpl.java:45)
at java.base/java.lang.reflect.Constructor.newInstanceWithCaller(Constructor.java:499)
at java.base/java.lang.reflect.Constructor.newInstance(Constructor.java:480)
at org.openqa.selenium.remote.ErrorCodec.decode(ErrorCodec.java:167)
at org.openqa.selenium.remote.codec.w3c.W3CHttpResponseCodec.decode(W3CHttpResponseCodec.java:138)
at org.openqa.selenium.remote.codec.w3c.W3CHttpResponseCodec.decode(W3CHttpResponseCodec.java:50)
at org.openqa.selenium.remote.HttpCommandExecutor.execute(HttpCommandExecutor.java:190)
at org.openqa.selenium.remote.service.DriverCommandExecutor.invokeExecute(DriverCommandExecutor.java:216)
at org.openqa.selenium.remote.service.DriverCommandExecutor.execute(DriverCommandExecutor.java:174)
at org.openqa.selenium.remote.RemoteWebDriver.execute(RemoteWebDriver.java:518)
at org.openqa.selenium.remote.RemoteWebElement.execute(RemoteWebElement.java:223)
at org.openqa.selenium.remote.RemoteWebElement.isDisplayed(RemoteWebElement.java:282)
at jdk.internal.reflect.GeneratedMethodAccessor11.invoke(Unknown Source)
at java.base/jdk.internal.reflect.DelegatingMethodAccessorImpl.invoke(DelegatingMethodAccessorImpl.java:43)
at java.base/java.lang.reflect.Method.invoke(Method.java:568)
at org.openqa.selenium.support.pagefactory.internal.LocatingElementHandler.invoke(LocatingElementHandler.java:51)
at jdk.proxy2/jdk.proxy2.$Proxy16.isDisplayed(Unknown Source)
at org.openqa.selenium.support.ui.ExpectedConditions.elementIfVisible(ExpectedConditions.java:304)
at org.openqa.selenium.support.ui.ExpectedConditions$10.apply(ExpectedConditions.java:290)
at org.openqa.selenium.support.ui.ExpectedConditions$10.apply(ExpectedConditions.java:287)
at org.openqa.selenium.support.ui.ExpectedConditions$23.apply(ExpectedConditions.java:656)
at org.openqa.selenium.support.ui.ExpectedConditions$23.apply(ExpectedConditions.java:652)
at org.openqa.selenium.support.ui.FluentWait.until(FluentWait.java:203)
at utilities.UtilClass.waitTillClickable(UtilClass.java:148)
at pageLayer.SearchAProduct.Search_box(SearchAProduct.java:82)
at testLayer.ProductDetailsTest.checkProductDetails(ProductDetailsTest.java:28)
at jdk.internal.reflect.GeneratedMethodAccessor9.invoke(Unknown Source)
at java.base/jdk.internal.reflect.DelegatingMethodAccessorImpl.invoke(DelegatingMethodAccessorImpl.java:43)
at java.base/java.lang.reflect.Method.invoke(Method.java:568)
at org.testng.internal.invokers.MethodInvocationHelper.invokeMethod(MethodInvocationHelper.java:139)
at org.testng.internal.invokers.TestInvoker.invokeMethod(TestInvoker.java:664)
at org.testng.internal.invokers.TestInvoker.invokeTestMethod(TestInvoker.java:227)
at org.testng.internal.invokers.MethodRunner.runInSequence(MethodRunner.java:50)
at org.testng.internal.invokers.TestInvoker$MethodInvocationAgent.invoke(TestInvoker.java:957)
at org.testng.internal.invokers.TestInvoker.invokeTestMethods(TestInvoker.java:200)
at org.testng.internal.invokers.TestMethodWorker.invokeTestMethods(TestMethodWorker.java:148)
at org.testng.internal.invokers.TestMethodWorker.run(TestMethodWorker.java:128)
at java.base/java.util.ArrayList.forEach(ArrayList.java:1511)
at org.testng.TestRunner.privateRun(TestRunner.java:848)
at org.testng.TestRunner.run(TestRunner.java:621)
at org.testng.SuiteRunner.runTest(SuiteRunner.java:443)
at org.testng.SuiteRunner.runSequentially(SuiteRunner.java:437)
at org.testng.SuiteRunner.privateRun(SuiteRunner.java:397)
at org.testng.SuiteRunner.run(SuiteRunner.java:336)
at org.testng.SuiteRunnerWorker.runSuite(SuiteRunnerWorker.java:52)
at org.testng.SuiteRunnerWorker.run(SuiteRunnerWorker.java:95)
at org.testng.TestNG.runSuitesSequentially(TestNG.java:1280)
at org.testng.TestNG.runSuitesLocally(TestNG.java:1200)
at org.testng.TestNG.runSuites(TestNG.java:1114)
at org.testng.TestNG.run(TestNG.java:1082)
at org.testng.remote.AbstractRemoteTestNG.run(AbstractRemoteTestNG.java:115)
at org.testng.remote.RemoteTestNG.initAndRun(RemoteTestNG.java:251)
at org.testng.remote.RemoteTestNG.main(RemoteTestNG.java:77)
]]>
    </failure>
  </testcase> <!-- checkProductDetails -->
  <testcase classname="testLayer.ProductDetailsTest" name="checkProductDetails" time="11.211"/>
  <testcase classname="testLayer.ProductDetailsTest" name="checkProductDetails" time="10.503"/>
  <testcase classname="testLayer.ProductDetailsTest" name="checkProductDetails" time="9.935"/>
  <testcase classname="testLayer.ProductDetailsTest" name="checkProductDetails" time="8.895"/>
  <testcase classname="testLayer.ProductDetailsTest" name="checkProductDetails" time="9.841"/>
  <testcase classname="testLayer.ProductDetailsTest" name="checkProductDetails" time="10.51"/>
  <testcase classname="testLayer.ProductDetailsTest" name="checkProductDetails" time="8.547"/>
  <testcase classname="testLayer.ProductDetailsTest" name="checkProductDetails" time="12.894"/>
  <testcase classname="testLayer.ProductDetailsTest" name="checkProductDetails" time="9.591"/>
  <testcase classname="testLayer.ProductDetailsTest" name="checkProductDetails" time="8.534"/>
  <testcase classname="testLayer.ProductDetailsTest" name="checkProductDetails" time="9.041"/>
  <testcase classname="testLayer.ProductDetailsTest" name="checkProductDetails" time="11.299"/>
  <testcase classname="testLayer.ProductDetailsTest" name="checkProductDetails" time="14.506"/>
  <testcase classname="testLayer.ProductDetailsTest" name="checkProductDetails" time="12.95"/>
  <testcase classname="testLayer.ProductDetailsTest" name="checkProductDetails" time="12.71"/>
  <testcase classname="testLayer.ProductDetailsTest" name="checkProductDetails" time="11.243"/>
  <testcase classname="testLayer.ProductDetailsTest" name="checkProductDetails" time="9.48"/>
  <testcase classname="testLayer.ProductDetailsTest" name="checkProductDetails" time="11.675"/>
  <testcase classname="testLayer.ProductDetailsTest" name="checkProductDetails" time="13.762"/>
  <testcase classname="testLayer.ProductDetailsTest" name="checkProductDetails" time="10.46"/>
  <testcase classname="testLayer.ProductDetailsTest" name="checkProductDetails" time="9.861"/>
  <testcase classname="testLayer.ProductDetailsTest" name="checkProductDetails" time="11.882"/>
  <testcase classname="testLayer.ProductDetailsTest" name="checkProductDetails" time="11.239"/>
  <testcase classname="testLayer.ProductDetailsTest" name="checkProductDetails" time="12.797"/>
  <testcase classname="testLayer.ProductDetailsTest" name="checkProductDetails" time="10.537"/>
  <testcase classname="testLayer.ProductDetailsTest" name="checkProductDetails" time="9.326"/>
  <testcase classname="testLayer.ProductDetailsTest" name="checkProductDetails" time="8.886"/>
  <testcase classname="testLayer.ProductDetailsTest" name="checkProductDetails" time="11.287"/>
  <testcase classname="testLayer.ProductDetailsTest" name="checkProductDetails" time="10.528"/>
  <testcase classname="testLayer.ProductDetailsTest" name="checkProductDetails" time="9.683"/>
  <testcase classname="testLayer.ProductDetailsTest" name="checkProductDetails" time="9.099"/>
  <testcase classname="testLayer.ProductDetailsTest" name="checkProductDetails" time="10.596"/>
  <testcase classname="testLayer.ProductDetailsTest" name="checkProductDetails" time="11.039"/>
  <testcase classname="testLayer.ProductDetailsTest" name="checkProductDetails" time="8.664"/>
  <testcase classname="testLayer.ProductDetailsTest" name="checkProductDetails" time="8.424"/>
  <testcase classname="testLayer.ProductDetailsTest" name="checkProductDetails" time="13.141"/>
  <testcase classname="testLayer.ProductDetailsTest" name="checkProductDetails" time="13.121"/>
  <testcase classname="testLayer.ProductDetailsTest" name="checkProductDetails" time="9.491"/>
  <testcase classname="testLayer.ProductDetailsTest" name="checkProductDetails" time="11.253"/>
  <testcase classname="testLayer.ProductDetailsTest" name="checkProductDetails" time="16.123"/>
  <testcase classname="testLayer.ProductDetailsTest" name="checkProductDetails" time="12.124"/>
  <testcase classname="testLayer.ProductDetailsTest" name="checkProductDetails" time="14.641"/>
  <testcase classname="testLayer.ProductDetailsTest" name="checkProductDetails" time="12.669"/>
  <testcase classname="testLayer.ProductDetailsTest" name="checkProductDetails" time="28.175">
    <failure type="org.openqa.selenium.NoSuchElementException" message="no such element: Unable to locate element: {&amp;quot;method&amp;quot;:&amp;quot;css selector&amp;quot;,&amp;quot;selector&amp;quot;:&amp;quot;.attributes-list [data-th=&amp;apos;Size&amp;apos;]&amp;quot;}
  (Session info: chrome-headless-shell=124.0.6367.119)
For documentation on this error, please visit: https://www.selenium.dev/documentation/webdriver/troubleshooting/errors#no-such-element-exception
Build info: version: &amp;apos;4.19.1&amp;apos;, revision: &amp;apos;abe0ee07dc&amp;apos;
System info: os.name: &amp;apos;Windows 10&amp;apos;, os.arch: &amp;apos;amd64&amp;apos;, os.version: &amp;apos;10.0&amp;apos;, java.version: &amp;apos;17.0.7&amp;apos;
Driver info: org.openqa.selenium.chrome.ChromeDriver
Command: [5906cbf2278066168e80ea9a53bd6235, findElement {value=.attributes-list [data-th=&amp;apos;Size&amp;apos;], using=css selector}]
Capabilities {acceptInsecureCerts: false, browserName: chrome-headless-shell, browserVersion: 124.0.6367.119, chrome: {chromedriverVersion: 124.0.6367.91 (51df0e5e17a8..., userDataDir: C:\Users\Admin\AppData\Loca...}, fedcm:accounts: true, goog:chromeOptions: {debuggerAddress: localhost:61004}, networkConnectionEnabled: false, pageLoadStrategy: normal, platformName: windows, proxy: Proxy(), se:cdp: ws://localhost:61004/devtoo..., se:cdpVersion: 124.0.6367.119, setWindowRect: true, strictFileInteractability: false, timeouts: {implicit: 0, pageLoad: 300000, script: 30000}, unhandledPromptBehavior: dismiss and notify, webauthn:extension:credBlob: true, webauthn:extension:largeBlob: true, webauthn:extension:minPinLength: true, webauthn:extension:prf: true, webauthn:virtualAuthenticators: true}
Session ID: 5906cbf2278066168e80ea9a53bd6235">
      <![CDATA[org.openqa.selenium.NoSuchElementException: no such element: Unable to locate element: {"method":"css selector","selector":".attributes-list [data-th='Size']"}
  (Session info: chrome-headless-shell=124.0.6367.119)
For documentation on this error, please visit: https://www.selenium.dev/documentation/webdriver/troubleshooting/errors#no-such-element-exception
Build info: version: '4.19.1', revision: 'abe0ee07dc'
System info: os.name: 'Windows 10', os.arch: 'amd64', os.version: '10.0', java.version: '17.0.7'
Driver info: org.openqa.selenium.chrome.ChromeDriver
Command: [5906cbf2278066168e80ea9a53bd6235, findElement {value=.attributes-list [data-th='Size'], using=css selector}]
Capabilities {acceptInsecureCerts: false, browserName: chrome-headless-shell, browserVersion: 124.0.6367.119, chrome: {chromedriverVersion: 124.0.6367.91 (51df0e5e17a8..., userDataDir: C:\Users\Admin\AppData\Loca...}, fedcm:accounts: true, goog:chromeOptions: {debuggerAddress: localhost:61004}, networkConnectionEnabled: false, pageLoadStrategy: normal, platformName: windows, proxy: Proxy(), se:cdp: ws://localhost:61004/devtoo..., se:cdpVersion: 124.0.6367.119, setWindowRect: true, strictFileInteractability: false, timeouts: {implicit: 0, pageLoad: 300000, script: 30000}, unhandledPromptBehavior: dismiss and notify, webauthn:extension:credBlob: true, webauthn:extension:largeBlob: true, webauthn:extension:minPinLength: true, webauthn:extension:prf: true, webauthn:virtualAuthenticators: true}
Session ID: 5906cbf2278066168e80ea9a53bd6235
at java.base/jdk.internal.reflect.NativeConstructorAccessorImpl.newInstance0(Native Method)
at java.base/jdk.internal.reflect.NativeConstructorAccessorImpl.newInstance(NativeConstructorAccessorImpl.java:77)
at java.base/jdk.internal.reflect.DelegatingConstructorAccessorImpl.newInstance(DelegatingConstructorAccessorImpl.java:45)
at java.base/java.lang.reflect.Constructor.newInstanceWithCaller(Constructor.java:499)
at java.base/java.lang.reflect.Constructor.newInstance(Constructor.java:480)
at org.openqa.selenium.remote.ErrorCodec.decode(ErrorCodec.java:167)
at org.openqa.selenium.remote.codec.w3c.W3CHttpResponseCodec.decode(W3CHttpResponseCodec.java:138)
at org.openqa.selenium.remote.codec.w3c.W3CHttpResponseCodec.decode(W3CHttpResponseCodec.java:50)
at org.openqa.selenium.remote.HttpCommandExecutor.execute(HttpCommandExecutor.java:190)
at org.openqa.selenium.remote.service.DriverCommandExecutor.invokeExecute(DriverCommandExecutor.java:216)
at org.openqa.selenium.remote.service.DriverCommandExecutor.execute(DriverCommandExecutor.java:174)
at org.openqa.selenium.remote.RemoteWebDriver.execute(RemoteWebDriver.java:518)
at org.openqa.selenium.remote.ElementLocation$ElementFinder$2.findElement(ElementLocation.java:165)
at org.openqa.selenium.remote.ElementLocation.findElement(ElementLocation.java:59)
at org.openqa.selenium.remote.RemoteWebDriver.findElement(RemoteWebDriver.java:355)
at org.openqa.selenium.remote.RemoteWebDriver.findElement(RemoteWebDriver.java:349)
at org.openqa.selenium.support.pagefactory.DefaultElementLocator.findElement(DefaultElementLocator.java:68)
at org.openqa.selenium.support.pagefactory.internal.LocatingElementHandler.invoke(LocatingElementHandler.java:38)
at jdk.proxy2/jdk.proxy2.$Proxy16.getText(Unknown Source)
at pageLayer.PDP_Page.get_Size_Of_product(PDP_Page.java:53)
at testLayer.ProductDetailsTest.checkProductDetails(ProductDetailsTest.java:33)
at jdk.internal.reflect.GeneratedMethodAccessor9.invoke(Unknown Source)
at java.base/jdk.internal.reflect.DelegatingMethodAccessorImpl.invoke(DelegatingMethodAccessorImpl.java:43)
at java.base/java.lang.reflect.Method.invoke(Method.java:568)
at org.testng.internal.invokers.MethodInvocationHelper.invokeMethod(MethodInvocationHelper.java:139)
at org.testng.internal.invokers.TestInvoker.invokeMethod(TestInvoker.java:664)
at org.testng.internal.invokers.TestInvoker.invokeTestMethod(TestInvoker.java:227)
at org.testng.internal.invokers.MethodRunner.runInSequence(MethodRunner.java:50)
at org.testng.internal.invokers.TestInvoker$MethodInvocationAgent.invoke(TestInvoker.java:957)
at org.testng.internal.invokers.TestInvoker.invokeTestMethods(TestInvoker.java:200)
at org.testng.internal.invokers.TestMethodWorker.invokeTestMethods(TestMethodWorker.java:148)
at org.testng.internal.invokers.TestMethodWorker.run(TestMethodWorker.java:128)
at java.base/java.util.ArrayList.forEach(ArrayList.java:1511)
at org.testng.TestRunner.privateRun(TestRunner.java:848)
at org.testng.TestRunner.run(TestRunner.java:621)
at org.testng.SuiteRunner.runTest(SuiteRunner.java:443)
at org.testng.SuiteRunner.runSequentially(SuiteRunner.java:437)
at org.testng.SuiteRunner.privateRun(SuiteRunner.java:397)
at org.testng.SuiteRunner.run(SuiteRunner.java:336)
at org.testng.SuiteRunnerWorker.runSuite(SuiteRunnerWorker.java:52)
at org.testng.SuiteRunnerWorker.run(SuiteRunnerWorker.java:95)
at org.testng.TestNG.runSuitesSequentially(TestNG.java:1280)
at org.testng.TestNG.runSuitesLocally(TestNG.java:1200)
at org.testng.TestNG.runSuites(TestNG.java:1114)
at org.testng.TestNG.run(TestNG.java:1082)
at org.testng.remote.AbstractRemoteTestNG.run(AbstractRemoteTestNG.java:115)
at org.testng.remote.RemoteTestNG.initAndRun(RemoteTestNG.java:251)
at org.testng.remote.RemoteTestNG.main(RemoteTestNG.java:77)
]]>
    </failure>
  </testcase> <!-- checkProductDetails -->
  <testcase classname="testLayer.ProductDetailsTest" name="checkProductDetails" time="11.179"/>
  <testcase classname="testLayer.ProductDetailsTest" name="checkProductDetails" time="8.393"/>
  <testcase classname="testLayer.ProductDetailsTest" name="checkProductDetails" time="11.299"/>
  <testcase classname="testLayer.ProductDetailsTest" name="checkProductDetails" time="10.148"/>
  <testcase classname="testLayer.ProductDetailsTest" name="checkProductDetails" time="9.343"/>
  <testcase classname="testLayer.ProductDetailsTest" name="checkProductDetails" time="13.897"/>
  <testcase classname="testLayer.ProductDetailsTest" name="checkProductDetails" time="12.533"/>
  <testcase classname="testLayer.ProductDetailsTest" name="checkProductDetails" time="10.094"/>
  <testcase classname="testLayer.ProductDetailsTest" name="checkProductDetails" time="11.166"/>
  <testcase classname="testLayer.ProductDetailsTest" name="checkProductDetails" time="10.044"/>
  <testcase classname="testLayer.ProductDetailsTest" name="checkProductDetails" time="11.141"/>
  <testcase classname="testLayer.ProductDetailsTest" name="checkProductDetails" time="9.812"/>
  <testcase classname="testLayer.ProductDetailsTest" name="checkProductDetails" time="8.455"/>
  <testcase classname="testLayer.ProductDetailsTest" name="checkProductDetails" time="9.891"/>
  <testcase classname="testLayer.ProductDetailsTest" name="checkProductDetails" time="11.059"/>
  <testcase classname="testLayer.ProductDetailsTest" name="checkProductDetails" time="10.343"/>
  <testcase classname="testLayer.ProductDetailsTest" name="checkProductDetails" time="8.59"/>
  <testcase classname="testLayer.ProductDetailsTest" name="checkProductDetails" time="11.289"/>
  <testcase classname="testLayer.ProductDetailsTest" name="checkProductDetails" time="10.998"/>
  <testcase classname="testLayer.ProductDetailsTest" name="checkProductDetails" time="10.968"/>
  <testcase classname="testLayer.ProductDetailsTest" name="checkProductDetails" time="11.288"/>
  <testcase classname="testLayer.ProductDetailsTest" name="checkProductDetails" time="12.457"/>
</testsuite> <!-- Default test -->
