<?xml version="1.0" encoding="UTF-8"?>
<testng-results ignored="0" total="1" passed="1" failed="0" skipped="0">
  <reporter-output>
  </reporter-output>
  <suite started-at="2024-04-25T18:43:55 IST" name="Default suite" finished-at="2024-04-25T18:44:04 IST" duration-ms="9645">
    <groups>
    </groups>
    <test started-at="2024-04-25T18:43:55 IST" name="Default test" finished-at="2024-04-25T18:44:04 IST" duration-ms="9645">
      <class name="testLayer.AddProductToCart">
        <test-method is-config="true" signature="OnTeststart()[pri:0, instance:testLayer.AddProductToCart@17bffc17]" started-at="2024-04-25T18:43:55 IST" name="OnTeststart" finished-at="2024-04-25T18:43:55 IST" duration-ms="159" status="PASS">
          <reporter-output>
          </reporter-output>
        </test-method> <!-- OnTeststart -->
        <test-method is-config="true" signature="launchApplication()[pri:0, instance:testLayer.AddProductToCart@17bffc17]" started-at="2024-04-25T18:43:55 IST" name="launchApplication" finished-at="2024-04-25T18:44:03 IST" duration-ms="8407" status="PASS">
          <reporter-output>
          </reporter-output>
        </test-method> <!-- launchApplication -->
        <test-method signature="getAllCategoriesName()[pri:0, instance:testLayer.AddProductToCart@17bffc17]" started-at="2024-04-25T18:44:03 IST" name="getAllCategoriesName" finished-at="2024-04-25T18:44:04 IST" duration-ms="443" status="PASS">
          <reporter-output>
          </reporter-output>
        </test-method> <!-- getAllCategoriesName -->
        <test-method is-config="true" signature="tearDown()[pri:0, instance:testLayer.AddProductToCart@17bffc17]" started-at="2024-04-25T18:44:04 IST" name="tearDown" finished-at="2024-04-25T18:44:04 IST" duration-ms="567" status="PASS">
          <reporter-output>
          </reporter-output>
        </test-method> <!-- tearDown -->
        <test-method is-config="true" signature="OnTestend()[pri:0, instance:testLayer.AddProductToCart@17bffc17]" started-at="2024-04-25T18:44:04 IST" name="OnTestend" finished-at="2024-04-25T18:44:04 IST" duration-ms="2" status="PASS">
          <reporter-output>
          </reporter-output>
        </test-method> <!-- OnTestend -->
      </class> <!-- testLayer.AddProductToCart -->
    </test> <!-- Default test -->
  </suite> <!-- Default suite -->
</testng-results>
